2025-01-21 23:26:13,711 - INFO - Starting experiment in directory: clustering_experiments\comparison_20250121_224535\results\gmm_14\gmm_14
2025-01-21 23:26:13,711 - INFO - Configuration: {'checkpointing': {'dir': 'checkpoints', 'enabled': True, 'frequency': 5, 'keep_best': True, 'max_to_keep': 3}, 'clustering': {'algorithm': 'gmm', 'cluster_candidates': [3, 4, 5], 'clustering_type': 'model_weights', 'drift_threshold': 0.3, 'min_cluster_size': 2, 'pca_components': 5, 'update_frequency': 5}, 'data': {'batch_size': 16, 'dataset_name': 'mnist', 'iid': False, 'num_clients': 50}, 'fed': {'client_sample_ratio': 0.2, 'local_epochs': 5, 'min_delta': 0.001, 'min_rounds_before_early_stopping': 5, 'num_rounds': 10, 'patience': 5}, 'logging': {'log_file': 'federated.log', 'log_interval': 10, 'save_dir': 'checkpoints', 'save_model': True}, 'model': {'input_channels': 1, 'learning_rate': 0.01, 'momentum': 0.9, 'name': 'cnn', 'num_classes': 10, 'weight_decay': 0.0001}}
2025-01-21 23:26:14,060 - WARNING - GMM clustering failed with full covariance: 'GMMCluster' object has no attribute 'covariance_type'
2025-01-21 23:26:14,063 - WARNING - GMM clustering failed with tied covariance: 'GMMCluster' object has no attribute 'covariance_type'
2025-01-21 23:26:14,066 - WARNING - GMM clustering failed with diag covariance: 'GMMCluster' object has no attribute 'covariance_type'
2025-01-21 23:26:14,104 - WARNING - GMM clustering failed with full covariance: 'GMMCluster' object has no attribute 'covariance_type'
2025-01-21 23:26:14,107 - WARNING - GMM clustering failed with tied covariance: 'GMMCluster' object has no attribute 'covariance_type'
2025-01-21 23:26:14,110 - WARNING - GMM clustering failed with diag covariance: 'GMMCluster' object has no attribute 'covariance_type'
2025-01-21 23:26:14,119 - WARNING - GMM clustering failed with full covariance: 'GMMCluster' object has no attribute 'covariance_type'
2025-01-21 23:26:14,122 - WARNING - GMM clustering failed with tied covariance: 'GMMCluster' object has no attribute 'covariance_type'
2025-01-21 23:26:14,125 - WARNING - GMM clustering failed with diag covariance: 'GMMCluster' object has no attribute 'covariance_type'
2025-01-21 23:26:14,129 - WARNING - GMM clustering failed with full covariance: 'GMMCluster' object has no attribute 'covariance_type'
2025-01-21 23:26:14,132 - WARNING - GMM clustering failed with tied covariance: 'GMMCluster' object has no attribute 'covariance_type'
2025-01-21 23:26:14,134 - WARNING - GMM clustering failed with diag covariance: 'GMMCluster' object has no attribute 'covariance_type'
2025-01-21 23:26:14,186 - WARNING - GMM clustering failed with full covariance: 'GMMCluster' object has no attribute 'covariance_type'
2025-01-21 23:26:14,189 - WARNING - GMM clustering failed with tied covariance: 'GMMCluster' object has no attribute 'covariance_type'
2025-01-21 23:26:14,192 - WARNING - GMM clustering failed with diag covariance: 'GMMCluster' object has no attribute 'covariance_type'
2025-01-21 23:26:14,231 - WARNING - GMM clustering failed with full covariance: 'GMMCluster' object has no attribute 'covariance_type'
2025-01-21 23:26:14,234 - WARNING - GMM clustering failed with tied covariance: 'GMMCluster' object has no attribute 'covariance_type'
2025-01-21 23:26:14,237 - WARNING - GMM clustering failed with diag covariance: 'GMMCluster' object has no attribute 'covariance_type'
2025-01-21 23:26:14,248 - WARNING - GMM clustering failed with full covariance: 'GMMCluster' object has no attribute 'covariance_type'
2025-01-21 23:26:14,251 - WARNING - GMM clustering failed with tied covariance: 'GMMCluster' object has no attribute 'covariance_type'
2025-01-21 23:26:14,254 - WARNING - GMM clustering failed with diag covariance: 'GMMCluster' object has no attribute 'covariance_type'
2025-01-21 23:26:14,290 - WARNING - GMM clustering failed with full covariance: 'GMMCluster' object has no attribute 'covariance_type'
2025-01-21 23:26:14,293 - WARNING - GMM clustering failed with tied covariance: 'GMMCluster' object has no attribute 'covariance_type'
2025-01-21 23:26:14,296 - WARNING - GMM clustering failed with diag covariance: 'GMMCluster' object has no attribute 'covariance_type'
2025-01-21 23:26:14,299 - WARNING - GMM clustering failed with full covariance: 'GMMCluster' object has no attribute 'covariance_type'
2025-01-21 23:26:14,302 - WARNING - GMM clustering failed with tied covariance: 'GMMCluster' object has no attribute 'covariance_type'
2025-01-21 23:26:14,305 - WARNING - GMM clustering failed with diag covariance: 'GMMCluster' object has no attribute 'covariance_type'
2025-01-21 23:26:14,321 - WARNING - GMM clustering failed with full covariance: 'GMMCluster' object has no attribute 'covariance_type'
2025-01-21 23:26:14,324 - WARNING - GMM clustering failed with tied covariance: 'GMMCluster' object has no attribute 'covariance_type'
2025-01-21 23:26:14,326 - WARNING - GMM clustering failed with diag covariance: 'GMMCluster' object has no attribute 'covariance_type'
2025-01-21 23:26:14,337 - WARNING - GMM clustering failed with full covariance: 'GMMCluster' object has no attribute 'covariance_type'
2025-01-21 23:26:14,341 - WARNING - GMM clustering failed with tied covariance: 'GMMCluster' object has no attribute 'covariance_type'
2025-01-21 23:26:14,343 - WARNING - GMM clustering failed with diag covariance: 'GMMCluster' object has no attribute 'covariance_type'
2025-01-21 23:26:14,371 - WARNING - GMM clustering failed with full covariance: 'GMMCluster' object has no attribute 'covariance_type'
2025-01-21 23:26:14,374 - WARNING - GMM clustering failed with tied covariance: 'GMMCluster' object has no attribute 'covariance_type'
2025-01-21 23:26:14,377 - WARNING - GMM clustering failed with diag covariance: 'GMMCluster' object has no attribute 'covariance_type'
2025-01-21 23:26:14,389 - WARNING - GMM clustering failed with full covariance: 'GMMCluster' object has no attribute 'covariance_type'
2025-01-21 23:26:14,392 - WARNING - GMM clustering failed with tied covariance: 'GMMCluster' object has no attribute 'covariance_type'
2025-01-21 23:26:14,395 - WARNING - GMM clustering failed with diag covariance: 'GMMCluster' object has no attribute 'covariance_type'
2025-01-21 23:26:14,399 - WARNING - GMM clustering failed with full covariance: 'GMMCluster' object has no attribute 'covariance_type'
2025-01-21 23:26:14,402 - WARNING - GMM clustering failed with tied covariance: 'GMMCluster' object has no attribute 'covariance_type'
2025-01-21 23:26:14,405 - WARNING - GMM clustering failed with diag covariance: 'GMMCluster' object has no attribute 'covariance_type'
2025-01-21 23:26:14,450 - WARNING - GMM clustering failed with full covariance: 'GMMCluster' object has no attribute 'covariance_type'
2025-01-21 23:26:14,453 - WARNING - GMM clustering failed with tied covariance: 'GMMCluster' object has no attribute 'covariance_type'
2025-01-21 23:26:14,456 - WARNING - GMM clustering failed with diag covariance: 'GMMCluster' object has no attribute 'covariance_type'
2025-01-21 23:26:14,492 - WARNING - GMM clustering failed with full covariance: 'GMMCluster' object has no attribute 'covariance_type'
2025-01-21 23:26:14,496 - WARNING - GMM clustering failed with tied covariance: 'GMMCluster' object has no attribute 'covariance_type'
2025-01-21 23:26:14,499 - WARNING - GMM clustering failed with diag covariance: 'GMMCluster' object has no attribute 'covariance_type'
2025-01-21 23:26:14,502 - WARNING - GMM clustering failed with full covariance: 'GMMCluster' object has no attribute 'covariance_type'
2025-01-21 23:26:14,505 - WARNING - GMM clustering failed with tied covariance: 'GMMCluster' object has no attribute 'covariance_type'
2025-01-21 23:26:14,508 - WARNING - GMM clustering failed with diag covariance: 'GMMCluster' object has no attribute 'covariance_type'
2025-01-21 23:26:14,544 - WARNING - GMM clustering failed with full covariance: 'GMMCluster' object has no attribute 'covariance_type'
2025-01-21 23:26:14,547 - WARNING - GMM clustering failed with tied covariance: 'GMMCluster' object has no attribute 'covariance_type'
2025-01-21 23:26:14,550 - WARNING - GMM clustering failed with diag covariance: 'GMMCluster' object has no attribute 'covariance_type'
2025-01-21 23:26:14,606 - WARNING - GMM clustering failed with full covariance: 'GMMCluster' object has no attribute 'covariance_type'
2025-01-21 23:26:14,610 - WARNING - GMM clustering failed with tied covariance: 'GMMCluster' object has no attribute 'covariance_type'
2025-01-21 23:26:14,613 - WARNING - GMM clustering failed with diag covariance: 'GMMCluster' object has no attribute 'covariance_type'
2025-01-21 23:26:14,701 - WARNING - GMM clustering failed with full covariance: 'GMMCluster' object has no attribute 'covariance_type'
2025-01-21 23:26:14,705 - WARNING - GMM clustering failed with tied covariance: 'GMMCluster' object has no attribute 'covariance_type'
2025-01-21 23:26:14,709 - WARNING - GMM clustering failed with diag covariance: 'GMMCluster' object has no attribute 'covariance_type'
2025-01-21 23:26:14,780 - WARNING - GMM clustering failed with full covariance: 'GMMCluster' object has no attribute 'covariance_type'
2025-01-21 23:26:14,786 - WARNING - GMM clustering failed with tied covariance: 'GMMCluster' object has no attribute 'covariance_type'
2025-01-21 23:26:14,789 - WARNING - GMM clustering failed with diag covariance: 'GMMCluster' object has no attribute 'covariance_type'
2025-01-21 23:26:14,800 - WARNING - GMM clustering failed with full covariance: 'GMMCluster' object has no attribute 'covariance_type'
2025-01-21 23:26:14,803 - WARNING - GMM clustering failed with tied covariance: 'GMMCluster' object has no attribute 'covariance_type'
2025-01-21 23:26:14,807 - WARNING - GMM clustering failed with diag covariance: 'GMMCluster' object has no attribute 'covariance_type'
2025-01-21 23:26:14,829 - WARNING - GMM clustering failed with full covariance: 'GMMCluster' object has no attribute 'covariance_type'
2025-01-21 23:26:14,833 - WARNING - GMM clustering failed with tied covariance: 'GMMCluster' object has no attribute 'covariance_type'
2025-01-21 23:26:14,837 - WARNING - GMM clustering failed with diag covariance: 'GMMCluster' object has no attribute 'covariance_type'
2025-01-21 23:26:14,873 - WARNING - GMM clustering failed with full covariance: 'GMMCluster' object has no attribute 'covariance_type'
2025-01-21 23:26:14,877 - WARNING - GMM clustering failed with tied covariance: 'GMMCluster' object has no attribute 'covariance_type'
2025-01-21 23:26:14,880 - WARNING - GMM clustering failed with diag covariance: 'GMMCluster' object has no attribute 'covariance_type'
2025-01-21 23:26:14,900 - WARNING - GMM clustering failed with full covariance: 'GMMCluster' object has no attribute 'covariance_type'
2025-01-21 23:26:14,904 - WARNING - GMM clustering failed with tied covariance: 'GMMCluster' object has no attribute 'covariance_type'
2025-01-21 23:26:14,908 - WARNING - GMM clustering failed with diag covariance: 'GMMCluster' object has no attribute 'covariance_type'
2025-01-21 23:26:15,011 - WARNING - GMM clustering failed with full covariance: 'GMMCluster' object has no attribute 'covariance_type'
2025-01-21 23:26:15,016 - WARNING - GMM clustering failed with tied covariance: 'GMMCluster' object has no attribute 'covariance_type'
2025-01-21 23:26:15,019 - WARNING - GMM clustering failed with diag covariance: 'GMMCluster' object has no attribute 'covariance_type'
2025-01-21 23:26:15,025 - WARNING - GMM clustering failed with full covariance: 'GMMCluster' object has no attribute 'covariance_type'
2025-01-21 23:26:15,028 - WARNING - GMM clustering failed with tied covariance: 'GMMCluster' object has no attribute 'covariance_type'
2025-01-21 23:26:15,031 - WARNING - GMM clustering failed with diag covariance: 'GMMCluster' object has no attribute 'covariance_type'
2025-01-21 23:26:15,034 - WARNING - GMM clustering failed with full covariance: 'GMMCluster' object has no attribute 'covariance_type'
2025-01-21 23:26:15,037 - WARNING - GMM clustering failed with tied covariance: 'GMMCluster' object has no attribute 'covariance_type'
2025-01-21 23:26:15,039 - WARNING - GMM clustering failed with diag covariance: 'GMMCluster' object has no attribute 'covariance_type'
2025-01-21 23:26:15,043 - INFO - Clustering completed with 2 clusters
2025-01-21 23:26:15,043 - INFO - Updated clustering: 2 clusters
2025-01-21 23:26:15,043 - INFO - Starting round 1
2025-01-21 23:26:32,880 - WARNING - GMM clustering failed with full covariance: 'GMMCluster' object has no attribute 'covariance_type'
2025-01-21 23:26:32,899 - WARNING - GMM clustering failed with tied covariance: 'GMMCluster' object has no attribute 'covariance_type'
2025-01-21 23:26:32,902 - WARNING - GMM clustering failed with diag covariance: 'GMMCluster' object has no attribute 'covariance_type'
2025-01-21 23:26:32,905 - WARNING - GMM clustering failed with full covariance: 'GMMCluster' object has no attribute 'covariance_type'
2025-01-21 23:26:32,908 - WARNING - GMM clustering failed with tied covariance: 'GMMCluster' object has no attribute 'covariance_type'
2025-01-21 23:26:32,911 - WARNING - GMM clustering failed with diag covariance: 'GMMCluster' object has no attribute 'covariance_type'
2025-01-21 23:26:32,914 - WARNING - GMM clustering failed with full covariance: 'GMMCluster' object has no attribute 'covariance_type'
2025-01-21 23:26:32,917 - WARNING - GMM clustering failed with tied covariance: 'GMMCluster' object has no attribute 'covariance_type'
2025-01-21 23:26:32,920 - WARNING - GMM clustering failed with diag covariance: 'GMMCluster' object has no attribute 'covariance_type'
2025-01-21 23:26:32,923 - WARNING - GMM clustering failed with full covariance: 'GMMCluster' object has no attribute 'covariance_type'
2025-01-21 23:26:32,926 - WARNING - GMM clustering failed with tied covariance: 'GMMCluster' object has no attribute 'covariance_type'
2025-01-21 23:26:32,929 - WARNING - GMM clustering failed with diag covariance: 'GMMCluster' object has no attribute 'covariance_type'
2025-01-21 23:26:32,973 - WARNING - GMM clustering failed with full covariance: 'GMMCluster' object has no attribute 'covariance_type'
2025-01-21 23:26:32,976 - WARNING - GMM clustering failed with tied covariance: 'GMMCluster' object has no attribute 'covariance_type'
2025-01-21 23:26:32,979 - WARNING - GMM clustering failed with diag covariance: 'GMMCluster' object has no attribute 'covariance_type'
2025-01-21 23:26:32,995 - WARNING - GMM clustering failed with full covariance: 'GMMCluster' object has no attribute 'covariance_type'
2025-01-21 23:26:32,998 - WARNING - GMM clustering failed with tied covariance: 'GMMCluster' object has no attribute 'covariance_type'
2025-01-21 23:26:33,001 - WARNING - GMM clustering failed with diag covariance: 'GMMCluster' object has no attribute 'covariance_type'
2025-01-21 23:26:33,006 - WARNING - GMM clustering failed with full covariance: 'GMMCluster' object has no attribute 'covariance_type'
2025-01-21 23:26:33,010 - WARNING - GMM clustering failed with tied covariance: 'GMMCluster' object has no attribute 'covariance_type'
2025-01-21 23:26:33,013 - WARNING - GMM clustering failed with diag covariance: 'GMMCluster' object has no attribute 'covariance_type'
2025-01-21 23:26:33,016 - WARNING - GMM clustering failed with full covariance: 'GMMCluster' object has no attribute 'covariance_type'
2025-01-21 23:26:33,019 - WARNING - GMM clustering failed with tied covariance: 'GMMCluster' object has no attribute 'covariance_type'
2025-01-21 23:26:33,022 - WARNING - GMM clustering failed with diag covariance: 'GMMCluster' object has no attribute 'covariance_type'
2025-01-21 23:26:33,027 - WARNING - GMM clustering failed with full covariance: 'GMMCluster' object has no attribute 'covariance_type'
2025-01-21 23:26:33,030 - WARNING - GMM clustering failed with tied covariance: 'GMMCluster' object has no attribute 'covariance_type'
2025-01-21 23:26:33,033 - WARNING - GMM clustering failed with diag covariance: 'GMMCluster' object has no attribute 'covariance_type'
2025-01-21 23:26:33,037 - WARNING - GMM clustering failed with full covariance: 'GMMCluster' object has no attribute 'covariance_type'
2025-01-21 23:26:33,040 - WARNING - GMM clustering failed with tied covariance: 'GMMCluster' object has no attribute 'covariance_type'
2025-01-21 23:26:33,042 - WARNING - GMM clustering failed with diag covariance: 'GMMCluster' object has no attribute 'covariance_type'
2025-01-21 23:26:33,049 - WARNING - GMM clustering failed with full covariance: 'GMMCluster' object has no attribute 'covariance_type'
2025-01-21 23:26:33,053 - WARNING - GMM clustering failed with tied covariance: 'GMMCluster' object has no attribute 'covariance_type'
2025-01-21 23:26:33,056 - WARNING - GMM clustering failed with diag covariance: 'GMMCluster' object has no attribute 'covariance_type'
2025-01-21 23:26:33,059 - WARNING - GMM clustering failed with full covariance: 'GMMCluster' object has no attribute 'covariance_type'
2025-01-21 23:26:33,062 - WARNING - GMM clustering failed with tied covariance: 'GMMCluster' object has no attribute 'covariance_type'
2025-01-21 23:26:33,064 - WARNING - GMM clustering failed with diag covariance: 'GMMCluster' object has no attribute 'covariance_type'
2025-01-21 23:26:33,078 - WARNING - GMM clustering failed with full covariance: 'GMMCluster' object has no attribute 'covariance_type'
2025-01-21 23:26:33,081 - WARNING - GMM clustering failed with tied covariance: 'GMMCluster' object has no attribute 'covariance_type'
2025-01-21 23:26:33,084 - WARNING - GMM clustering failed with diag covariance: 'GMMCluster' object has no attribute 'covariance_type'
2025-01-21 23:26:33,160 - WARNING - GMM clustering failed with full covariance: 'GMMCluster' object has no attribute 'covariance_type'
2025-01-21 23:26:33,163 - WARNING - GMM clustering failed with tied covariance: 'GMMCluster' object has no attribute 'covariance_type'
2025-01-21 23:26:33,166 - WARNING - GMM clustering failed with diag covariance: 'GMMCluster' object has no attribute 'covariance_type'
2025-01-21 23:26:33,169 - WARNING - GMM clustering failed with full covariance: 'GMMCluster' object has no attribute 'covariance_type'
2025-01-21 23:26:33,172 - WARNING - GMM clustering failed with tied covariance: 'GMMCluster' object has no attribute 'covariance_type'
2025-01-21 23:26:33,175 - WARNING - GMM clustering failed with diag covariance: 'GMMCluster' object has no attribute 'covariance_type'
2025-01-21 23:26:33,230 - WARNING - GMM clustering failed with full covariance: 'GMMCluster' object has no attribute 'covariance_type'
2025-01-21 23:26:33,233 - WARNING - GMM clustering failed with tied covariance: 'GMMCluster' object has no attribute 'covariance_type'
2025-01-21 23:26:33,236 - WARNING - GMM clustering failed with diag covariance: 'GMMCluster' object has no attribute 'covariance_type'
2025-01-21 23:26:33,272 - WARNING - GMM clustering failed with full covariance: 'GMMCluster' object has no attribute 'covariance_type'
2025-01-21 23:26:33,275 - WARNING - GMM clustering failed with tied covariance: 'GMMCluster' object has no attribute 'covariance_type'
2025-01-21 23:26:33,278 - WARNING - GMM clustering failed with diag covariance: 'GMMCluster' object has no attribute 'covariance_type'
2025-01-21 23:26:33,344 - WARNING - GMM clustering failed with full covariance: 'GMMCluster' object has no attribute 'covariance_type'
2025-01-21 23:26:33,347 - WARNING - GMM clustering failed with tied covariance: 'GMMCluster' object has no attribute 'covariance_type'
2025-01-21 23:26:33,350 - WARNING - GMM clustering failed with diag covariance: 'GMMCluster' object has no attribute 'covariance_type'
2025-01-21 23:26:33,417 - WARNING - GMM clustering failed with full covariance: 'GMMCluster' object has no attribute 'covariance_type'
2025-01-21 23:26:33,420 - WARNING - GMM clustering failed with tied covariance: 'GMMCluster' object has no attribute 'covariance_type'
2025-01-21 23:26:33,423 - WARNING - GMM clustering failed with diag covariance: 'GMMCluster' object has no attribute 'covariance_type'
2025-01-21 23:26:33,460 - WARNING - GMM clustering failed with full covariance: 'GMMCluster' object has no attribute 'covariance_type'
2025-01-21 23:26:33,464 - WARNING - GMM clustering failed with tied covariance: 'GMMCluster' object has no attribute 'covariance_type'
2025-01-21 23:26:33,467 - WARNING - GMM clustering failed with diag covariance: 'GMMCluster' object has no attribute 'covariance_type'
2025-01-21 23:26:33,508 - WARNING - GMM clustering failed with full covariance: 'GMMCluster' object has no attribute 'covariance_type'
2025-01-21 23:26:33,511 - WARNING - GMM clustering failed with tied covariance: 'GMMCluster' object has no attribute 'covariance_type'
2025-01-21 23:26:33,514 - WARNING - GMM clustering failed with diag covariance: 'GMMCluster' object has no attribute 'covariance_type'
2025-01-21 23:26:33,584 - WARNING - GMM clustering failed with full covariance: 'GMMCluster' object has no attribute 'covariance_type'
2025-01-21 23:26:33,588 - WARNING - GMM clustering failed with tied covariance: 'GMMCluster' object has no attribute 'covariance_type'
2025-01-21 23:26:33,590 - WARNING - GMM clustering failed with diag covariance: 'GMMCluster' object has no attribute 'covariance_type'
2025-01-21 23:26:33,613 - WARNING - GMM clustering failed with full covariance: 'GMMCluster' object has no attribute 'covariance_type'
2025-01-21 23:26:33,617 - WARNING - GMM clustering failed with tied covariance: 'GMMCluster' object has no attribute 'covariance_type'
2025-01-21 23:26:33,620 - WARNING - GMM clustering failed with diag covariance: 'GMMCluster' object has no attribute 'covariance_type'
2025-01-21 23:26:33,659 - WARNING - GMM clustering failed with full covariance: 'GMMCluster' object has no attribute 'covariance_type'
2025-01-21 23:26:33,663 - WARNING - GMM clustering failed with tied covariance: 'GMMCluster' object has no attribute 'covariance_type'
2025-01-21 23:26:33,666 - WARNING - GMM clustering failed with diag covariance: 'GMMCluster' object has no attribute 'covariance_type'
2025-01-21 23:26:33,746 - WARNING - GMM clustering failed with full covariance: 'GMMCluster' object has no attribute 'covariance_type'
2025-01-21 23:26:33,750 - WARNING - GMM clustering failed with tied covariance: 'GMMCluster' object has no attribute 'covariance_type'
2025-01-21 23:26:33,752 - WARNING - GMM clustering failed with diag covariance: 'GMMCluster' object has no attribute 'covariance_type'
2025-01-21 23:26:33,856 - WARNING - GMM clustering failed with full covariance: 'GMMCluster' object has no attribute 'covariance_type'
2025-01-21 23:26:33,860 - WARNING - GMM clustering failed with tied covariance: 'GMMCluster' object has no attribute 'covariance_type'
2025-01-21 23:26:33,863 - WARNING - GMM clustering failed with diag covariance: 'GMMCluster' object has no attribute 'covariance_type'
2025-01-21 23:26:33,935 - WARNING - GMM clustering failed with full covariance: 'GMMCluster' object has no attribute 'covariance_type'
2025-01-21 23:26:33,938 - WARNING - GMM clustering failed with tied covariance: 'GMMCluster' object has no attribute 'covariance_type'
2025-01-21 23:26:33,942 - WARNING - GMM clustering failed with diag covariance: 'GMMCluster' object has no attribute 'covariance_type'
2025-01-21 23:26:33,945 - WARNING - GMM clustering failed with full covariance: 'GMMCluster' object has no attribute 'covariance_type'
2025-01-21 23:26:33,947 - WARNING - GMM clustering failed with tied covariance: 'GMMCluster' object has no attribute 'covariance_type'
2025-01-21 23:26:33,950 - WARNING - GMM clustering failed with diag covariance: 'GMMCluster' object has no attribute 'covariance_type'
2025-01-21 23:26:33,954 - INFO - Clustering completed with 2 clusters
2025-01-21 23:26:33,954 - INFO - Updated clustering: 2 clusters
2025-01-21 23:26:33,959 - INFO - Round 1 completed: Accuracy = 0.4838, Loss = 1.5069
2025-01-21 23:26:33,959 - INFO - Starting round 2
2025-01-21 23:26:49,048 - INFO - Round 2 completed: Accuracy = 0.9468, Loss = 0.1618
2025-01-21 23:26:49,048 - INFO - Starting round 3
2025-01-21 23:27:04,851 - INFO - Round 3 completed: Accuracy = 0.9717, Loss = 0.0894
2025-01-21 23:27:04,851 - INFO - Starting round 4
2025-01-21 23:27:21,412 - INFO - Round 4 completed: Accuracy = 0.9784, Loss = 0.0643
2025-01-21 23:27:21,412 - INFO - Starting round 5
2025-01-21 23:27:38,811 - INFO - Round 5 completed: Accuracy = 0.9833, Loss = 0.0507
2025-01-21 23:27:38,811 - INFO - Starting round 6
2025-01-21 23:27:54,801 - INFO - Round 6 completed: Accuracy = 0.9840, Loss = 0.0514
2025-01-21 23:27:54,802 - INFO - Starting round 7
2025-01-21 23:28:11,531 - INFO - Round 7 completed: Accuracy = 0.9848, Loss = 0.0461
2025-01-21 23:28:11,531 - INFO - Starting round 8
2025-01-21 23:28:27,867 - INFO - Round 8 completed: Accuracy = 0.9877, Loss = 0.0409
2025-01-21 23:28:27,867 - INFO - Starting round 9
2025-01-21 23:28:48,551 - INFO - Round 9 completed: Accuracy = 0.9889, Loss = 0.0369
2025-01-21 23:28:48,551 - INFO - Starting round 10
2025-01-21 23:29:03,657 - INFO - Round 10 completed: Accuracy = 0.9901, Loss = 0.0304
2025-01-21 23:29:03,667 - INFO - Results saved successfully in clustering_experiments\comparison_20250121_224535\results\gmm_14\gmm_14
2025-01-21 23:29:03,671 - INFO - Experiment completed successfully
2025-01-21 23:29:03,671 - INFO - Final Results - Accuracy: 0.9901
