2025-01-21 23:23:20,711 - INFO - Starting experiment in directory: clustering_experiments\comparison_20250121_224535\results\gmm_13\gmm_13
2025-01-21 23:23:20,711 - INFO - Configuration: {'checkpointing': {'dir': 'checkpoints', 'enabled': True, 'frequency': 5, 'keep_best': True, 'max_to_keep': 3}, 'clustering': {'algorithm': 'gmm', 'cluster_candidates': [2, 3, 4], 'clustering_type': 'model_weights', 'drift_threshold': 0.3, 'min_cluster_size': 2, 'pca_components': 5, 'update_frequency': 5}, 'data': {'batch_size': 16, 'dataset_name': 'mnist', 'iid': False, 'num_clients': 50}, 'fed': {'client_sample_ratio': 0.2, 'local_epochs': 5, 'min_delta': 0.001, 'min_rounds_before_early_stopping': 5, 'num_rounds': 10, 'patience': 5}, 'logging': {'log_file': 'federated.log', 'log_interval': 10, 'save_dir': 'checkpoints', 'save_model': True}, 'model': {'input_channels': 1, 'learning_rate': 0.01, 'momentum': 0.9, 'name': 'cnn', 'num_classes': 10, 'weight_decay': 0.0001}}
2025-01-21 23:23:21,069 - WARNING - GMM clustering failed with full covariance: 'GMMCluster' object has no attribute 'covariance_type'
2025-01-21 23:23:21,073 - WARNING - GMM clustering failed with tied covariance: 'GMMCluster' object has no attribute 'covariance_type'
2025-01-21 23:23:21,076 - WARNING - GMM clustering failed with diag covariance: 'GMMCluster' object has no attribute 'covariance_type'
2025-01-21 23:23:21,079 - WARNING - GMM clustering failed with full covariance: 'GMMCluster' object has no attribute 'covariance_type'
2025-01-21 23:23:21,082 - WARNING - GMM clustering failed with tied covariance: 'GMMCluster' object has no attribute 'covariance_type'
2025-01-21 23:23:21,085 - WARNING - GMM clustering failed with diag covariance: 'GMMCluster' object has no attribute 'covariance_type'
2025-01-21 23:23:21,088 - WARNING - GMM clustering failed with full covariance: 'GMMCluster' object has no attribute 'covariance_type'
2025-01-21 23:23:21,091 - WARNING - GMM clustering failed with tied covariance: 'GMMCluster' object has no attribute 'covariance_type'
2025-01-21 23:23:21,094 - WARNING - GMM clustering failed with diag covariance: 'GMMCluster' object has no attribute 'covariance_type'
2025-01-21 23:23:21,100 - WARNING - GMM clustering failed with full covariance: 'GMMCluster' object has no attribute 'covariance_type'
2025-01-21 23:23:21,103 - WARNING - GMM clustering failed with tied covariance: 'GMMCluster' object has no attribute 'covariance_type'
2025-01-21 23:23:21,106 - WARNING - GMM clustering failed with diag covariance: 'GMMCluster' object has no attribute 'covariance_type'
2025-01-21 23:23:21,125 - WARNING - GMM clustering failed with full covariance: 'GMMCluster' object has no attribute 'covariance_type'
2025-01-21 23:23:21,128 - WARNING - GMM clustering failed with tied covariance: 'GMMCluster' object has no attribute 'covariance_type'
2025-01-21 23:23:21,131 - WARNING - GMM clustering failed with diag covariance: 'GMMCluster' object has no attribute 'covariance_type'
2025-01-21 23:23:21,160 - WARNING - GMM clustering failed with full covariance: 'GMMCluster' object has no attribute 'covariance_type'
2025-01-21 23:23:21,163 - WARNING - GMM clustering failed with tied covariance: 'GMMCluster' object has no attribute 'covariance_type'
2025-01-21 23:23:21,165 - WARNING - GMM clustering failed with diag covariance: 'GMMCluster' object has no attribute 'covariance_type'
2025-01-21 23:23:21,174 - WARNING - GMM clustering failed with full covariance: 'GMMCluster' object has no attribute 'covariance_type'
2025-01-21 23:23:21,177 - WARNING - GMM clustering failed with tied covariance: 'GMMCluster' object has no attribute 'covariance_type'
2025-01-21 23:23:21,180 - WARNING - GMM clustering failed with diag covariance: 'GMMCluster' object has no attribute 'covariance_type'
2025-01-21 23:23:21,199 - WARNING - GMM clustering failed with full covariance: 'GMMCluster' object has no attribute 'covariance_type'
2025-01-21 23:23:21,202 - WARNING - GMM clustering failed with tied covariance: 'GMMCluster' object has no attribute 'covariance_type'
2025-01-21 23:23:21,205 - WARNING - GMM clustering failed with diag covariance: 'GMMCluster' object has no attribute 'covariance_type'
2025-01-21 23:23:21,219 - WARNING - GMM clustering failed with full covariance: 'GMMCluster' object has no attribute 'covariance_type'
2025-01-21 23:23:21,222 - WARNING - GMM clustering failed with tied covariance: 'GMMCluster' object has no attribute 'covariance_type'
2025-01-21 23:23:21,225 - WARNING - GMM clustering failed with diag covariance: 'GMMCluster' object has no attribute 'covariance_type'
2025-01-21 23:23:21,264 - WARNING - GMM clustering failed with full covariance: 'GMMCluster' object has no attribute 'covariance_type'
2025-01-21 23:23:21,267 - WARNING - GMM clustering failed with tied covariance: 'GMMCluster' object has no attribute 'covariance_type'
2025-01-21 23:23:21,270 - WARNING - GMM clustering failed with diag covariance: 'GMMCluster' object has no attribute 'covariance_type'
2025-01-21 23:23:21,273 - WARNING - GMM clustering failed with full covariance: 'GMMCluster' object has no attribute 'covariance_type'
2025-01-21 23:23:21,276 - WARNING - GMM clustering failed with tied covariance: 'GMMCluster' object has no attribute 'covariance_type'
2025-01-21 23:23:21,279 - WARNING - GMM clustering failed with diag covariance: 'GMMCluster' object has no attribute 'covariance_type'
2025-01-21 23:23:21,282 - WARNING - GMM clustering failed with full covariance: 'GMMCluster' object has no attribute 'covariance_type'
2025-01-21 23:23:21,285 - WARNING - GMM clustering failed with tied covariance: 'GMMCluster' object has no attribute 'covariance_type'
2025-01-21 23:23:21,288 - WARNING - GMM clustering failed with diag covariance: 'GMMCluster' object has no attribute 'covariance_type'
2025-01-21 23:23:21,307 - WARNING - GMM clustering failed with full covariance: 'GMMCluster' object has no attribute 'covariance_type'
2025-01-21 23:23:21,311 - WARNING - GMM clustering failed with tied covariance: 'GMMCluster' object has no attribute 'covariance_type'
2025-01-21 23:23:21,313 - WARNING - GMM clustering failed with diag covariance: 'GMMCluster' object has no attribute 'covariance_type'
2025-01-21 23:23:21,356 - WARNING - GMM clustering failed with full covariance: 'GMMCluster' object has no attribute 'covariance_type'
2025-01-21 23:23:21,360 - WARNING - GMM clustering failed with tied covariance: 'GMMCluster' object has no attribute 'covariance_type'
2025-01-21 23:23:21,363 - WARNING - GMM clustering failed with diag covariance: 'GMMCluster' object has no attribute 'covariance_type'
2025-01-21 23:23:21,402 - WARNING - GMM clustering failed with full covariance: 'GMMCluster' object has no attribute 'covariance_type'
2025-01-21 23:23:21,405 - WARNING - GMM clustering failed with tied covariance: 'GMMCluster' object has no attribute 'covariance_type'
2025-01-21 23:23:21,408 - WARNING - GMM clustering failed with diag covariance: 'GMMCluster' object has no attribute 'covariance_type'
2025-01-21 23:23:21,440 - WARNING - GMM clustering failed with full covariance: 'GMMCluster' object has no attribute 'covariance_type'
2025-01-21 23:23:21,443 - WARNING - GMM clustering failed with tied covariance: 'GMMCluster' object has no attribute 'covariance_type'
2025-01-21 23:23:21,445 - WARNING - GMM clustering failed with diag covariance: 'GMMCluster' object has no attribute 'covariance_type'
2025-01-21 23:23:21,458 - WARNING - GMM clustering failed with full covariance: 'GMMCluster' object has no attribute 'covariance_type'
2025-01-21 23:23:21,461 - WARNING - GMM clustering failed with tied covariance: 'GMMCluster' object has no attribute 'covariance_type'
2025-01-21 23:23:21,464 - WARNING - GMM clustering failed with diag covariance: 'GMMCluster' object has no attribute 'covariance_type'
2025-01-21 23:23:21,468 - WARNING - GMM clustering failed with full covariance: 'GMMCluster' object has no attribute 'covariance_type'
2025-01-21 23:23:21,471 - WARNING - GMM clustering failed with tied covariance: 'GMMCluster' object has no attribute 'covariance_type'
2025-01-21 23:23:21,474 - WARNING - GMM clustering failed with diag covariance: 'GMMCluster' object has no attribute 'covariance_type'
2025-01-21 23:23:21,480 - WARNING - GMM clustering failed with full covariance: 'GMMCluster' object has no attribute 'covariance_type'
2025-01-21 23:23:21,483 - WARNING - GMM clustering failed with tied covariance: 'GMMCluster' object has no attribute 'covariance_type'
2025-01-21 23:23:21,486 - WARNING - GMM clustering failed with diag covariance: 'GMMCluster' object has no attribute 'covariance_type'
2025-01-21 23:23:21,495 - WARNING - GMM clustering failed with full covariance: 'GMMCluster' object has no attribute 'covariance_type'
2025-01-21 23:23:21,498 - WARNING - GMM clustering failed with tied covariance: 'GMMCluster' object has no attribute 'covariance_type'
2025-01-21 23:23:21,501 - WARNING - GMM clustering failed with diag covariance: 'GMMCluster' object has no attribute 'covariance_type'
2025-01-21 23:23:21,558 - WARNING - GMM clustering failed with full covariance: 'GMMCluster' object has no attribute 'covariance_type'
2025-01-21 23:23:21,562 - WARNING - GMM clustering failed with tied covariance: 'GMMCluster' object has no attribute 'covariance_type'
2025-01-21 23:23:21,565 - WARNING - GMM clustering failed with diag covariance: 'GMMCluster' object has no attribute 'covariance_type'
2025-01-21 23:23:21,569 - WARNING - GMM clustering failed with full covariance: 'GMMCluster' object has no attribute 'covariance_type'
2025-01-21 23:23:21,572 - WARNING - GMM clustering failed with tied covariance: 'GMMCluster' object has no attribute 'covariance_type'
2025-01-21 23:23:21,575 - WARNING - GMM clustering failed with diag covariance: 'GMMCluster' object has no attribute 'covariance_type'
2025-01-21 23:23:21,621 - WARNING - GMM clustering failed with full covariance: 'GMMCluster' object has no attribute 'covariance_type'
2025-01-21 23:23:21,649 - WARNING - GMM clustering failed with tied covariance: 'GMMCluster' object has no attribute 'covariance_type'
2025-01-21 23:23:21,652 - WARNING - GMM clustering failed with diag covariance: 'GMMCluster' object has no attribute 'covariance_type'
2025-01-21 23:23:21,716 - WARNING - GMM clustering failed with full covariance: 'GMMCluster' object has no attribute 'covariance_type'
2025-01-21 23:23:21,721 - WARNING - GMM clustering failed with tied covariance: 'GMMCluster' object has no attribute 'covariance_type'
2025-01-21 23:23:21,724 - WARNING - GMM clustering failed with diag covariance: 'GMMCluster' object has no attribute 'covariance_type'
2025-01-21 23:23:21,762 - WARNING - GMM clustering failed with full covariance: 'GMMCluster' object has no attribute 'covariance_type'
2025-01-21 23:23:21,765 - WARNING - GMM clustering failed with tied covariance: 'GMMCluster' object has no attribute 'covariance_type'
2025-01-21 23:23:21,768 - WARNING - GMM clustering failed with diag covariance: 'GMMCluster' object has no attribute 'covariance_type'
2025-01-21 23:23:21,805 - WARNING - GMM clustering failed with full covariance: 'GMMCluster' object has no attribute 'covariance_type'
2025-01-21 23:23:21,809 - WARNING - GMM clustering failed with tied covariance: 'GMMCluster' object has no attribute 'covariance_type'
2025-01-21 23:23:21,812 - WARNING - GMM clustering failed with diag covariance: 'GMMCluster' object has no attribute 'covariance_type'
2025-01-21 23:23:21,832 - WARNING - GMM clustering failed with full covariance: 'GMMCluster' object has no attribute 'covariance_type'
2025-01-21 23:23:21,836 - WARNING - GMM clustering failed with tied covariance: 'GMMCluster' object has no attribute 'covariance_type'
2025-01-21 23:23:21,839 - WARNING - GMM clustering failed with diag covariance: 'GMMCluster' object has no attribute 'covariance_type'
2025-01-21 23:23:21,842 - WARNING - GMM clustering failed with full covariance: 'GMMCluster' object has no attribute 'covariance_type'
2025-01-21 23:23:21,844 - WARNING - GMM clustering failed with tied covariance: 'GMMCluster' object has no attribute 'covariance_type'
2025-01-21 23:23:21,847 - WARNING - GMM clustering failed with diag covariance: 'GMMCluster' object has no attribute 'covariance_type'
2025-01-21 23:23:21,850 - INFO - Clustering completed with 2 clusters
2025-01-21 23:23:21,850 - INFO - Updated clustering: 2 clusters
2025-01-21 23:23:21,850 - INFO - Starting round 1
2025-01-21 23:23:36,274 - WARNING - GMM clustering failed with full covariance: 'GMMCluster' object has no attribute 'covariance_type'
2025-01-21 23:23:36,277 - WARNING - GMM clustering failed with tied covariance: 'GMMCluster' object has no attribute 'covariance_type'
2025-01-21 23:23:36,279 - WARNING - GMM clustering failed with diag covariance: 'GMMCluster' object has no attribute 'covariance_type'
2025-01-21 23:23:36,305 - WARNING - GMM clustering failed with full covariance: 'GMMCluster' object has no attribute 'covariance_type'
2025-01-21 23:23:36,309 - WARNING - GMM clustering failed with tied covariance: 'GMMCluster' object has no attribute 'covariance_type'
2025-01-21 23:23:36,312 - WARNING - GMM clustering failed with diag covariance: 'GMMCluster' object has no attribute 'covariance_type'
2025-01-21 23:23:36,338 - WARNING - GMM clustering failed with full covariance: 'GMMCluster' object has no attribute 'covariance_type'
2025-01-21 23:23:36,347 - WARNING - GMM clustering failed with tied covariance: 'GMMCluster' object has no attribute 'covariance_type'
2025-01-21 23:23:36,350 - WARNING - GMM clustering failed with diag covariance: 'GMMCluster' object has no attribute 'covariance_type'
2025-01-21 23:23:36,353 - WARNING - GMM clustering failed with full covariance: 'GMMCluster' object has no attribute 'covariance_type'
2025-01-21 23:23:36,356 - WARNING - GMM clustering failed with tied covariance: 'GMMCluster' object has no attribute 'covariance_type'
2025-01-21 23:23:36,359 - WARNING - GMM clustering failed with diag covariance: 'GMMCluster' object has no attribute 'covariance_type'
2025-01-21 23:23:36,362 - WARNING - GMM clustering failed with full covariance: 'GMMCluster' object has no attribute 'covariance_type'
2025-01-21 23:23:36,365 - WARNING - GMM clustering failed with tied covariance: 'GMMCluster' object has no attribute 'covariance_type'
2025-01-21 23:23:36,368 - WARNING - GMM clustering failed with diag covariance: 'GMMCluster' object has no attribute 'covariance_type'
2025-01-21 23:23:36,381 - WARNING - GMM clustering failed with full covariance: 'GMMCluster' object has no attribute 'covariance_type'
2025-01-21 23:23:36,384 - WARNING - GMM clustering failed with tied covariance: 'GMMCluster' object has no attribute 'covariance_type'
2025-01-21 23:23:36,387 - WARNING - GMM clustering failed with diag covariance: 'GMMCluster' object has no attribute 'covariance_type'
2025-01-21 23:23:36,394 - WARNING - GMM clustering failed with full covariance: 'GMMCluster' object has no attribute 'covariance_type'
2025-01-21 23:23:36,405 - WARNING - GMM clustering failed with tied covariance: 'GMMCluster' object has no attribute 'covariance_type'
2025-01-21 23:23:36,408 - WARNING - GMM clustering failed with diag covariance: 'GMMCluster' object has no attribute 'covariance_type'
2025-01-21 23:23:36,412 - WARNING - GMM clustering failed with full covariance: 'GMMCluster' object has no attribute 'covariance_type'
2025-01-21 23:23:36,415 - WARNING - GMM clustering failed with tied covariance: 'GMMCluster' object has no attribute 'covariance_type'
2025-01-21 23:23:36,418 - WARNING - GMM clustering failed with diag covariance: 'GMMCluster' object has no attribute 'covariance_type'
2025-01-21 23:23:36,422 - WARNING - GMM clustering failed with full covariance: 'GMMCluster' object has no attribute 'covariance_type'
2025-01-21 23:23:36,425 - WARNING - GMM clustering failed with tied covariance: 'GMMCluster' object has no attribute 'covariance_type'
2025-01-21 23:23:36,428 - WARNING - GMM clustering failed with diag covariance: 'GMMCluster' object has no attribute 'covariance_type'
2025-01-21 23:23:36,462 - WARNING - GMM clustering failed with full covariance: 'GMMCluster' object has no attribute 'covariance_type'
2025-01-21 23:23:36,465 - WARNING - GMM clustering failed with tied covariance: 'GMMCluster' object has no attribute 'covariance_type'
2025-01-21 23:23:36,468 - WARNING - GMM clustering failed with diag covariance: 'GMMCluster' object has no attribute 'covariance_type'
2025-01-21 23:23:36,548 - WARNING - GMM clustering failed with full covariance: 'GMMCluster' object has no attribute 'covariance_type'
2025-01-21 23:23:36,551 - WARNING - GMM clustering failed with tied covariance: 'GMMCluster' object has no attribute 'covariance_type'
2025-01-21 23:23:36,554 - WARNING - GMM clustering failed with diag covariance: 'GMMCluster' object has no attribute 'covariance_type'
2025-01-21 23:23:36,565 - WARNING - GMM clustering failed with full covariance: 'GMMCluster' object has no attribute 'covariance_type'
2025-01-21 23:23:36,568 - WARNING - GMM clustering failed with tied covariance: 'GMMCluster' object has no attribute 'covariance_type'
2025-01-21 23:23:36,570 - WARNING - GMM clustering failed with diag covariance: 'GMMCluster' object has no attribute 'covariance_type'
2025-01-21 23:23:36,574 - WARNING - GMM clustering failed with full covariance: 'GMMCluster' object has no attribute 'covariance_type'
2025-01-21 23:23:36,577 - WARNING - GMM clustering failed with tied covariance: 'GMMCluster' object has no attribute 'covariance_type'
2025-01-21 23:23:36,580 - WARNING - GMM clustering failed with diag covariance: 'GMMCluster' object has no attribute 'covariance_type'
2025-01-21 23:23:36,585 - WARNING - GMM clustering failed with full covariance: 'GMMCluster' object has no attribute 'covariance_type'
2025-01-21 23:23:36,588 - WARNING - GMM clustering failed with tied covariance: 'GMMCluster' object has no attribute 'covariance_type'
2025-01-21 23:23:36,591 - WARNING - GMM clustering failed with diag covariance: 'GMMCluster' object has no attribute 'covariance_type'
2025-01-21 23:23:36,660 - WARNING - GMM clustering failed with full covariance: 'GMMCluster' object has no attribute 'covariance_type'
2025-01-21 23:23:36,663 - WARNING - GMM clustering failed with tied covariance: 'GMMCluster' object has no attribute 'covariance_type'
2025-01-21 23:23:36,666 - WARNING - GMM clustering failed with diag covariance: 'GMMCluster' object has no attribute 'covariance_type'
2025-01-21 23:23:36,709 - WARNING - GMM clustering failed with full covariance: 'GMMCluster' object has no attribute 'covariance_type'
2025-01-21 23:23:36,712 - WARNING - GMM clustering failed with tied covariance: 'GMMCluster' object has no attribute 'covariance_type'
2025-01-21 23:23:36,715 - WARNING - GMM clustering failed with diag covariance: 'GMMCluster' object has no attribute 'covariance_type'
2025-01-21 23:23:36,727 - WARNING - GMM clustering failed with full covariance: 'GMMCluster' object has no attribute 'covariance_type'
2025-01-21 23:23:36,730 - WARNING - GMM clustering failed with tied covariance: 'GMMCluster' object has no attribute 'covariance_type'
2025-01-21 23:23:36,733 - WARNING - GMM clustering failed with diag covariance: 'GMMCluster' object has no attribute 'covariance_type'
2025-01-21 23:23:36,772 - WARNING - GMM clustering failed with full covariance: 'GMMCluster' object has no attribute 'covariance_type'
2025-01-21 23:23:36,775 - WARNING - GMM clustering failed with tied covariance: 'GMMCluster' object has no attribute 'covariance_type'
2025-01-21 23:23:36,778 - WARNING - GMM clustering failed with diag covariance: 'GMMCluster' object has no attribute 'covariance_type'
2025-01-21 23:23:36,783 - WARNING - GMM clustering failed with full covariance: 'GMMCluster' object has no attribute 'covariance_type'
2025-01-21 23:23:36,786 - WARNING - GMM clustering failed with tied covariance: 'GMMCluster' object has no attribute 'covariance_type'
2025-01-21 23:23:36,789 - WARNING - GMM clustering failed with diag covariance: 'GMMCluster' object has no attribute 'covariance_type'
2025-01-21 23:23:36,798 - WARNING - GMM clustering failed with full covariance: 'GMMCluster' object has no attribute 'covariance_type'
2025-01-21 23:23:36,801 - WARNING - GMM clustering failed with tied covariance: 'GMMCluster' object has no attribute 'covariance_type'
2025-01-21 23:23:36,804 - WARNING - GMM clustering failed with diag covariance: 'GMMCluster' object has no attribute 'covariance_type'
2025-01-21 23:23:36,809 - WARNING - GMM clustering failed with full covariance: 'GMMCluster' object has no attribute 'covariance_type'
2025-01-21 23:23:36,812 - WARNING - GMM clustering failed with tied covariance: 'GMMCluster' object has no attribute 'covariance_type'
2025-01-21 23:23:36,815 - WARNING - GMM clustering failed with diag covariance: 'GMMCluster' object has no attribute 'covariance_type'
2025-01-21 23:23:36,820 - WARNING - GMM clustering failed with full covariance: 'GMMCluster' object has no attribute 'covariance_type'
2025-01-21 23:23:36,824 - WARNING - GMM clustering failed with tied covariance: 'GMMCluster' object has no attribute 'covariance_type'
2025-01-21 23:23:36,826 - WARNING - GMM clustering failed with diag covariance: 'GMMCluster' object has no attribute 'covariance_type'
2025-01-21 23:23:36,865 - WARNING - GMM clustering failed with full covariance: 'GMMCluster' object has no attribute 'covariance_type'
2025-01-21 23:23:36,868 - WARNING - GMM clustering failed with tied covariance: 'GMMCluster' object has no attribute 'covariance_type'
2025-01-21 23:23:36,871 - WARNING - GMM clustering failed with diag covariance: 'GMMCluster' object has no attribute 'covariance_type'
2025-01-21 23:23:36,876 - WARNING - GMM clustering failed with full covariance: 'GMMCluster' object has no attribute 'covariance_type'
2025-01-21 23:23:36,879 - WARNING - GMM clustering failed with tied covariance: 'GMMCluster' object has no attribute 'covariance_type'
2025-01-21 23:23:36,882 - WARNING - GMM clustering failed with diag covariance: 'GMMCluster' object has no attribute 'covariance_type'
2025-01-21 23:23:36,890 - WARNING - GMM clustering failed with full covariance: 'GMMCluster' object has no attribute 'covariance_type'
2025-01-21 23:23:36,893 - WARNING - GMM clustering failed with tied covariance: 'GMMCluster' object has no attribute 'covariance_type'
2025-01-21 23:23:36,896 - WARNING - GMM clustering failed with diag covariance: 'GMMCluster' object has no attribute 'covariance_type'
2025-01-21 23:23:37,002 - WARNING - GMM clustering failed with full covariance: 'GMMCluster' object has no attribute 'covariance_type'
2025-01-21 23:23:37,024 - WARNING - GMM clustering failed with tied covariance: 'GMMCluster' object has no attribute 'covariance_type'
2025-01-21 23:23:37,028 - WARNING - GMM clustering failed with diag covariance: 'GMMCluster' object has no attribute 'covariance_type'
2025-01-21 23:23:37,082 - WARNING - GMM clustering failed with full covariance: 'GMMCluster' object has no attribute 'covariance_type'
2025-01-21 23:23:37,086 - WARNING - GMM clustering failed with tied covariance: 'GMMCluster' object has no attribute 'covariance_type'
2025-01-21 23:23:37,090 - WARNING - GMM clustering failed with diag covariance: 'GMMCluster' object has no attribute 'covariance_type'
2025-01-21 23:23:37,093 - WARNING - GMM clustering failed with full covariance: 'GMMCluster' object has no attribute 'covariance_type'
2025-01-21 23:23:37,095 - WARNING - GMM clustering failed with tied covariance: 'GMMCluster' object has no attribute 'covariance_type'
2025-01-21 23:23:37,098 - WARNING - GMM clustering failed with diag covariance: 'GMMCluster' object has no attribute 'covariance_type'
2025-01-21 23:23:37,101 - INFO - Clustering completed with 2 clusters
2025-01-21 23:23:37,101 - INFO - Updated clustering: 2 clusters
2025-01-21 23:23:37,106 - INFO - Round 1 completed: Accuracy = 0.5074, Loss = 1.3831
2025-01-21 23:23:37,106 - INFO - Starting round 2
2025-01-21 23:23:52,450 - INFO - Round 2 completed: Accuracy = 0.9335, Loss = 0.2045
2025-01-21 23:23:52,450 - INFO - Starting round 3
2025-01-21 23:24:10,936 - INFO - Round 3 completed: Accuracy = 0.9627, Loss = 0.1099
2025-01-21 23:24:10,936 - INFO - Starting round 4
2025-01-21 23:24:26,140 - INFO - Round 4 completed: Accuracy = 0.9763, Loss = 0.0738
2025-01-21 23:24:26,140 - INFO - Starting round 5
2025-01-21 23:24:48,610 - INFO - Round 5 completed: Accuracy = 0.9813, Loss = 0.0598
2025-01-21 23:24:48,610 - INFO - Starting round 6
2025-01-21 23:25:04,229 - INFO - Round 6 completed: Accuracy = 0.9840, Loss = 0.0492
2025-01-21 23:25:04,229 - INFO - Starting round 7
2025-01-21 23:25:21,830 - INFO - Round 7 completed: Accuracy = 0.9846, Loss = 0.0458
2025-01-21 23:25:21,830 - INFO - Starting round 8
2025-01-21 23:25:38,523 - INFO - Round 8 completed: Accuracy = 0.9856, Loss = 0.0444
2025-01-21 23:25:38,523 - INFO - Starting round 9
2025-01-21 23:25:54,602 - INFO - Round 9 completed: Accuracy = 0.9868, Loss = 0.0408
2025-01-21 23:25:54,602 - INFO - Starting round 10
2025-01-21 23:26:10,339 - INFO - Round 10 completed: Accuracy = 0.9877, Loss = 0.0349
2025-01-21 23:26:10,351 - INFO - Results saved successfully in clustering_experiments\comparison_20250121_224535\results\gmm_13\gmm_13
2025-01-21 23:26:10,356 - INFO - Experiment completed successfully
2025-01-21 23:26:10,356 - INFO - Final Results - Accuracy: 0.9877
