2025-01-21 23:29:07,059 - INFO - Starting experiment in directory: clustering_experiments\comparison_20250121_224535\results\gmm_15\gmm_15
2025-01-21 23:29:07,059 - INFO - Configuration: {'checkpointing': {'dir': 'checkpoints', 'enabled': True, 'frequency': 5, 'keep_best': True, 'max_to_keep': 3}, 'clustering': {'algorithm': 'gmm', 'cluster_candidates': [2, 3, 4], 'clustering_type': 'model_weights', 'drift_threshold': 0.3, 'min_cluster_size': 2, 'pca_components': 10, 'update_frequency': 5}, 'data': {'batch_size': 16, 'dataset_name': 'mnist', 'iid': False, 'num_clients': 50}, 'fed': {'client_sample_ratio': 0.2, 'local_epochs': 5, 'min_delta': 0.001, 'min_rounds_before_early_stopping': 5, 'num_rounds': 10, 'patience': 5}, 'logging': {'log_file': 'federated.log', 'log_interval': 10, 'save_dir': 'checkpoints', 'save_model': True}, 'model': {'input_channels': 1, 'learning_rate': 0.01, 'momentum': 0.9, 'name': 'cnn', 'num_classes': 10, 'weight_decay': 0.0001}}
2025-01-21 23:29:07,426 - WARNING - GMM clustering failed with full covariance: 'GMMCluster' object has no attribute 'covariance_type'
2025-01-21 23:29:07,429 - WARNING - GMM clustering failed with tied covariance: 'GMMCluster' object has no attribute 'covariance_type'
2025-01-21 23:29:07,432 - WARNING - GMM clustering failed with diag covariance: 'GMMCluster' object has no attribute 'covariance_type'
2025-01-21 23:29:07,436 - WARNING - GMM clustering failed with full covariance: 'GMMCluster' object has no attribute 'covariance_type'
2025-01-21 23:29:07,439 - WARNING - GMM clustering failed with tied covariance: 'GMMCluster' object has no attribute 'covariance_type'
2025-01-21 23:29:07,441 - WARNING - GMM clustering failed with diag covariance: 'GMMCluster' object has no attribute 'covariance_type'
2025-01-21 23:29:07,444 - WARNING - GMM clustering failed with full covariance: 'GMMCluster' object has no attribute 'covariance_type'
2025-01-21 23:29:07,447 - WARNING - GMM clustering failed with tied covariance: 'GMMCluster' object has no attribute 'covariance_type'
2025-01-21 23:29:07,451 - WARNING - GMM clustering failed with diag covariance: 'GMMCluster' object has no attribute 'covariance_type'
2025-01-21 23:29:07,454 - WARNING - GMM clustering failed with full covariance: 'GMMCluster' object has no attribute 'covariance_type'
2025-01-21 23:29:07,458 - WARNING - GMM clustering failed with tied covariance: 'GMMCluster' object has no attribute 'covariance_type'
2025-01-21 23:29:07,461 - WARNING - GMM clustering failed with diag covariance: 'GMMCluster' object has no attribute 'covariance_type'
2025-01-21 23:29:07,497 - WARNING - GMM clustering failed with full covariance: 'GMMCluster' object has no attribute 'covariance_type'
2025-01-21 23:29:07,500 - WARNING - GMM clustering failed with tied covariance: 'GMMCluster' object has no attribute 'covariance_type'
2025-01-21 23:29:07,503 - WARNING - GMM clustering failed with diag covariance: 'GMMCluster' object has no attribute 'covariance_type'
2025-01-21 23:29:07,506 - WARNING - GMM clustering failed with full covariance: 'GMMCluster' object has no attribute 'covariance_type'
2025-01-21 23:29:07,509 - WARNING - GMM clustering failed with tied covariance: 'GMMCluster' object has no attribute 'covariance_type'
2025-01-21 23:29:07,512 - WARNING - GMM clustering failed with diag covariance: 'GMMCluster' object has no attribute 'covariance_type'
2025-01-21 23:29:07,516 - WARNING - GMM clustering failed with full covariance: 'GMMCluster' object has no attribute 'covariance_type'
2025-01-21 23:29:07,520 - WARNING - GMM clustering failed with tied covariance: 'GMMCluster' object has no attribute 'covariance_type'
2025-01-21 23:29:07,523 - WARNING - GMM clustering failed with diag covariance: 'GMMCluster' object has no attribute 'covariance_type'
2025-01-21 23:29:07,579 - WARNING - GMM clustering failed with full covariance: 'GMMCluster' object has no attribute 'covariance_type'
2025-01-21 23:29:07,583 - WARNING - GMM clustering failed with tied covariance: 'GMMCluster' object has no attribute 'covariance_type'
2025-01-21 23:29:07,586 - WARNING - GMM clustering failed with diag covariance: 'GMMCluster' object has no attribute 'covariance_type'
2025-01-21 23:29:07,626 - WARNING - GMM clustering failed with full covariance: 'GMMCluster' object has no attribute 'covariance_type'
2025-01-21 23:29:07,629 - WARNING - GMM clustering failed with tied covariance: 'GMMCluster' object has no attribute 'covariance_type'
2025-01-21 23:29:07,632 - WARNING - GMM clustering failed with diag covariance: 'GMMCluster' object has no attribute 'covariance_type'
2025-01-21 23:29:07,652 - WARNING - GMM clustering failed with full covariance: 'GMMCluster' object has no attribute 'covariance_type'
2025-01-21 23:29:07,655 - WARNING - GMM clustering failed with tied covariance: 'GMMCluster' object has no attribute 'covariance_type'
2025-01-21 23:29:07,658 - WARNING - GMM clustering failed with diag covariance: 'GMMCluster' object has no attribute 'covariance_type'
2025-01-21 23:29:07,698 - WARNING - GMM clustering failed with full covariance: 'GMMCluster' object has no attribute 'covariance_type'
2025-01-21 23:29:07,701 - WARNING - GMM clustering failed with tied covariance: 'GMMCluster' object has no attribute 'covariance_type'
2025-01-21 23:29:07,704 - WARNING - GMM clustering failed with diag covariance: 'GMMCluster' object has no attribute 'covariance_type'
2025-01-21 23:29:07,708 - WARNING - GMM clustering failed with full covariance: 'GMMCluster' object has no attribute 'covariance_type'
2025-01-21 23:29:07,711 - WARNING - GMM clustering failed with tied covariance: 'GMMCluster' object has no attribute 'covariance_type'
2025-01-21 23:29:07,714 - WARNING - GMM clustering failed with diag covariance: 'GMMCluster' object has no attribute 'covariance_type'
2025-01-21 23:29:07,742 - WARNING - GMM clustering failed with full covariance: 'GMMCluster' object has no attribute 'covariance_type'
2025-01-21 23:29:07,751 - WARNING - GMM clustering failed with tied covariance: 'GMMCluster' object has no attribute 'covariance_type'
2025-01-21 23:29:07,755 - WARNING - GMM clustering failed with diag covariance: 'GMMCluster' object has no attribute 'covariance_type'
2025-01-21 23:29:07,761 - WARNING - GMM clustering failed with full covariance: 'GMMCluster' object has no attribute 'covariance_type'
2025-01-21 23:29:07,765 - WARNING - GMM clustering failed with tied covariance: 'GMMCluster' object has no attribute 'covariance_type'
2025-01-21 23:29:07,768 - WARNING - GMM clustering failed with diag covariance: 'GMMCluster' object has no attribute 'covariance_type'
2025-01-21 23:29:07,819 - WARNING - GMM clustering failed with full covariance: 'GMMCluster' object has no attribute 'covariance_type'
2025-01-21 23:29:07,823 - WARNING - GMM clustering failed with tied covariance: 'GMMCluster' object has no attribute 'covariance_type'
2025-01-21 23:29:07,826 - WARNING - GMM clustering failed with diag covariance: 'GMMCluster' object has no attribute 'covariance_type'
2025-01-21 23:29:07,857 - WARNING - GMM clustering failed with full covariance: 'GMMCluster' object has no attribute 'covariance_type'
2025-01-21 23:29:07,866 - WARNING - GMM clustering failed with tied covariance: 'GMMCluster' object has no attribute 'covariance_type'
2025-01-21 23:29:07,869 - WARNING - GMM clustering failed with diag covariance: 'GMMCluster' object has no attribute 'covariance_type'
2025-01-21 23:29:07,924 - WARNING - GMM clustering failed with full covariance: 'GMMCluster' object has no attribute 'covariance_type'
2025-01-21 23:29:07,928 - WARNING - GMM clustering failed with tied covariance: 'GMMCluster' object has no attribute 'covariance_type'
2025-01-21 23:29:07,931 - WARNING - GMM clustering failed with diag covariance: 'GMMCluster' object has no attribute 'covariance_type'
2025-01-21 23:29:07,984 - WARNING - GMM clustering failed with full covariance: 'GMMCluster' object has no attribute 'covariance_type'
2025-01-21 23:29:07,988 - WARNING - GMM clustering failed with tied covariance: 'GMMCluster' object has no attribute 'covariance_type'
2025-01-21 23:29:07,991 - WARNING - GMM clustering failed with diag covariance: 'GMMCluster' object has no attribute 'covariance_type'
2025-01-21 23:29:08,034 - WARNING - GMM clustering failed with full covariance: 'GMMCluster' object has no attribute 'covariance_type'
2025-01-21 23:29:08,038 - WARNING - GMM clustering failed with tied covariance: 'GMMCluster' object has no attribute 'covariance_type'
2025-01-21 23:29:08,040 - WARNING - GMM clustering failed with diag covariance: 'GMMCluster' object has no attribute 'covariance_type'
2025-01-21 23:29:08,051 - WARNING - GMM clustering failed with full covariance: 'GMMCluster' object has no attribute 'covariance_type'
2025-01-21 23:29:08,054 - WARNING - GMM clustering failed with tied covariance: 'GMMCluster' object has no attribute 'covariance_type'
2025-01-21 23:29:08,057 - WARNING - GMM clustering failed with diag covariance: 'GMMCluster' object has no attribute 'covariance_type'
2025-01-21 23:29:08,085 - WARNING - GMM clustering failed with full covariance: 'GMMCluster' object has no attribute 'covariance_type'
2025-01-21 23:29:08,089 - WARNING - GMM clustering failed with tied covariance: 'GMMCluster' object has no attribute 'covariance_type'
2025-01-21 23:29:08,092 - WARNING - GMM clustering failed with diag covariance: 'GMMCluster' object has no attribute 'covariance_type'
2025-01-21 23:29:08,097 - WARNING - GMM clustering failed with full covariance: 'GMMCluster' object has no attribute 'covariance_type'
2025-01-21 23:29:08,100 - WARNING - GMM clustering failed with tied covariance: 'GMMCluster' object has no attribute 'covariance_type'
2025-01-21 23:29:08,103 - WARNING - GMM clustering failed with diag covariance: 'GMMCluster' object has no attribute 'covariance_type'
2025-01-21 23:29:08,148 - WARNING - GMM clustering failed with full covariance: 'GMMCluster' object has no attribute 'covariance_type'
2025-01-21 23:29:08,156 - WARNING - GMM clustering failed with tied covariance: 'GMMCluster' object has no attribute 'covariance_type'
2025-01-21 23:29:08,159 - WARNING - GMM clustering failed with diag covariance: 'GMMCluster' object has no attribute 'covariance_type'
2025-01-21 23:29:08,186 - WARNING - GMM clustering failed with full covariance: 'GMMCluster' object has no attribute 'covariance_type'
2025-01-21 23:29:08,201 - WARNING - GMM clustering failed with tied covariance: 'GMMCluster' object has no attribute 'covariance_type'
2025-01-21 23:29:08,205 - WARNING - GMM clustering failed with diag covariance: 'GMMCluster' object has no attribute 'covariance_type'
2025-01-21 23:29:08,313 - WARNING - GMM clustering failed with full covariance: 'GMMCluster' object has no attribute 'covariance_type'
2025-01-21 23:29:08,317 - WARNING - GMM clustering failed with tied covariance: 'GMMCluster' object has no attribute 'covariance_type'
2025-01-21 23:29:08,320 - WARNING - GMM clustering failed with diag covariance: 'GMMCluster' object has no attribute 'covariance_type'
2025-01-21 23:29:08,359 - WARNING - GMM clustering failed with full covariance: 'GMMCluster' object has no attribute 'covariance_type'
2025-01-21 23:29:08,367 - WARNING - GMM clustering failed with tied covariance: 'GMMCluster' object has no attribute 'covariance_type'
2025-01-21 23:29:08,370 - WARNING - GMM clustering failed with diag covariance: 'GMMCluster' object has no attribute 'covariance_type'
2025-01-21 23:29:08,469 - WARNING - GMM clustering failed with full covariance: 'GMMCluster' object has no attribute 'covariance_type'
2025-01-21 23:29:08,473 - WARNING - GMM clustering failed with tied covariance: 'GMMCluster' object has no attribute 'covariance_type'
2025-01-21 23:29:08,476 - WARNING - GMM clustering failed with diag covariance: 'GMMCluster' object has no attribute 'covariance_type'
2025-01-21 23:29:08,479 - WARNING - GMM clustering failed with full covariance: 'GMMCluster' object has no attribute 'covariance_type'
2025-01-21 23:29:08,482 - WARNING - GMM clustering failed with tied covariance: 'GMMCluster' object has no attribute 'covariance_type'
2025-01-21 23:29:08,484 - WARNING - GMM clustering failed with diag covariance: 'GMMCluster' object has no attribute 'covariance_type'
2025-01-21 23:29:08,489 - INFO - Clustering completed with 2 clusters
2025-01-21 23:29:08,490 - INFO - Updated clustering: 2 clusters
2025-01-21 23:29:08,490 - INFO - Starting round 1
2025-01-21 23:29:25,399 - WARNING - GMM clustering failed with full covariance: 'GMMCluster' object has no attribute 'covariance_type'
2025-01-21 23:29:25,403 - WARNING - GMM clustering failed with tied covariance: 'GMMCluster' object has no attribute 'covariance_type'
2025-01-21 23:29:25,405 - WARNING - GMM clustering failed with diag covariance: 'GMMCluster' object has no attribute 'covariance_type'
2025-01-21 23:29:25,443 - WARNING - GMM clustering failed with full covariance: 'GMMCluster' object has no attribute 'covariance_type'
2025-01-21 23:29:25,446 - WARNING - GMM clustering failed with tied covariance: 'GMMCluster' object has no attribute 'covariance_type'
2025-01-21 23:29:25,448 - WARNING - GMM clustering failed with diag covariance: 'GMMCluster' object has no attribute 'covariance_type'
2025-01-21 23:29:25,451 - WARNING - GMM clustering failed with full covariance: 'GMMCluster' object has no attribute 'covariance_type'
2025-01-21 23:29:25,456 - WARNING - GMM clustering failed with tied covariance: 'GMMCluster' object has no attribute 'covariance_type'
2025-01-21 23:29:25,458 - WARNING - GMM clustering failed with diag covariance: 'GMMCluster' object has no attribute 'covariance_type'
2025-01-21 23:29:25,465 - WARNING - GMM clustering failed with full covariance: 'GMMCluster' object has no attribute 'covariance_type'
2025-01-21 23:29:25,468 - WARNING - GMM clustering failed with tied covariance: 'GMMCluster' object has no attribute 'covariance_type'
2025-01-21 23:29:25,471 - WARNING - GMM clustering failed with diag covariance: 'GMMCluster' object has no attribute 'covariance_type'
2025-01-21 23:29:25,479 - WARNING - GMM clustering failed with full covariance: 'GMMCluster' object has no attribute 'covariance_type'
2025-01-21 23:29:25,482 - WARNING - GMM clustering failed with tied covariance: 'GMMCluster' object has no attribute 'covariance_type'
2025-01-21 23:29:25,485 - WARNING - GMM clustering failed with diag covariance: 'GMMCluster' object has no attribute 'covariance_type'
2025-01-21 23:29:25,489 - WARNING - GMM clustering failed with full covariance: 'GMMCluster' object has no attribute 'covariance_type'
2025-01-21 23:29:25,492 - WARNING - GMM clustering failed with tied covariance: 'GMMCluster' object has no attribute 'covariance_type'
2025-01-21 23:29:25,495 - WARNING - GMM clustering failed with diag covariance: 'GMMCluster' object has no attribute 'covariance_type'
2025-01-21 23:29:25,499 - WARNING - GMM clustering failed with full covariance: 'GMMCluster' object has no attribute 'covariance_type'
2025-01-21 23:29:25,502 - WARNING - GMM clustering failed with tied covariance: 'GMMCluster' object has no attribute 'covariance_type'
2025-01-21 23:29:25,505 - WARNING - GMM clustering failed with diag covariance: 'GMMCluster' object has no attribute 'covariance_type'
2025-01-21 23:29:25,508 - WARNING - GMM clustering failed with full covariance: 'GMMCluster' object has no attribute 'covariance_type'
2025-01-21 23:29:25,512 - WARNING - GMM clustering failed with tied covariance: 'GMMCluster' object has no attribute 'covariance_type'
2025-01-21 23:29:25,515 - WARNING - GMM clustering failed with diag covariance: 'GMMCluster' object has no attribute 'covariance_type'
2025-01-21 23:29:25,526 - WARNING - GMM clustering failed with full covariance: 'GMMCluster' object has no attribute 'covariance_type'
2025-01-21 23:29:25,530 - WARNING - GMM clustering failed with tied covariance: 'GMMCluster' object has no attribute 'covariance_type'
2025-01-21 23:29:25,533 - WARNING - GMM clustering failed with diag covariance: 'GMMCluster' object has no attribute 'covariance_type'
2025-01-21 23:29:25,536 - WARNING - GMM clustering failed with full covariance: 'GMMCluster' object has no attribute 'covariance_type'
2025-01-21 23:29:25,540 - WARNING - GMM clustering failed with tied covariance: 'GMMCluster' object has no attribute 'covariance_type'
2025-01-21 23:29:25,543 - WARNING - GMM clustering failed with diag covariance: 'GMMCluster' object has no attribute 'covariance_type'
2025-01-21 23:29:25,579 - WARNING - GMM clustering failed with full covariance: 'GMMCluster' object has no attribute 'covariance_type'
2025-01-21 23:29:25,582 - WARNING - GMM clustering failed with tied covariance: 'GMMCluster' object has no attribute 'covariance_type'
2025-01-21 23:29:25,585 - WARNING - GMM clustering failed with diag covariance: 'GMMCluster' object has no attribute 'covariance_type'
2025-01-21 23:29:25,589 - WARNING - GMM clustering failed with full covariance: 'GMMCluster' object has no attribute 'covariance_type'
2025-01-21 23:29:25,592 - WARNING - GMM clustering failed with tied covariance: 'GMMCluster' object has no attribute 'covariance_type'
2025-01-21 23:29:25,595 - WARNING - GMM clustering failed with diag covariance: 'GMMCluster' object has no attribute 'covariance_type'
2025-01-21 23:29:25,624 - WARNING - GMM clustering failed with full covariance: 'GMMCluster' object has no attribute 'covariance_type'
2025-01-21 23:29:25,627 - WARNING - GMM clustering failed with tied covariance: 'GMMCluster' object has no attribute 'covariance_type'
2025-01-21 23:29:25,630 - WARNING - GMM clustering failed with diag covariance: 'GMMCluster' object has no attribute 'covariance_type'
2025-01-21 23:29:25,639 - WARNING - GMM clustering failed with full covariance: 'GMMCluster' object has no attribute 'covariance_type'
2025-01-21 23:29:25,642 - WARNING - GMM clustering failed with tied covariance: 'GMMCluster' object has no attribute 'covariance_type'
2025-01-21 23:29:25,645 - WARNING - GMM clustering failed with diag covariance: 'GMMCluster' object has no attribute 'covariance_type'
2025-01-21 23:29:25,675 - WARNING - GMM clustering failed with full covariance: 'GMMCluster' object has no attribute 'covariance_type'
2025-01-21 23:29:25,678 - WARNING - GMM clustering failed with tied covariance: 'GMMCluster' object has no attribute 'covariance_type'
2025-01-21 23:29:25,681 - WARNING - GMM clustering failed with diag covariance: 'GMMCluster' object has no attribute 'covariance_type'
2025-01-21 23:29:25,685 - WARNING - GMM clustering failed with full covariance: 'GMMCluster' object has no attribute 'covariance_type'
2025-01-21 23:29:25,689 - WARNING - GMM clustering failed with tied covariance: 'GMMCluster' object has no attribute 'covariance_type'
2025-01-21 23:29:25,692 - WARNING - GMM clustering failed with diag covariance: 'GMMCluster' object has no attribute 'covariance_type'
2025-01-21 23:29:25,713 - WARNING - GMM clustering failed with full covariance: 'GMMCluster' object has no attribute 'covariance_type'
2025-01-21 23:29:25,716 - WARNING - GMM clustering failed with tied covariance: 'GMMCluster' object has no attribute 'covariance_type'
2025-01-21 23:29:25,719 - WARNING - GMM clustering failed with diag covariance: 'GMMCluster' object has no attribute 'covariance_type'
2025-01-21 23:29:25,723 - WARNING - GMM clustering failed with full covariance: 'GMMCluster' object has no attribute 'covariance_type'
2025-01-21 23:29:25,726 - WARNING - GMM clustering failed with tied covariance: 'GMMCluster' object has no attribute 'covariance_type'
2025-01-21 23:29:25,729 - WARNING - GMM clustering failed with diag covariance: 'GMMCluster' object has no attribute 'covariance_type'
2025-01-21 23:29:25,733 - WARNING - GMM clustering failed with full covariance: 'GMMCluster' object has no attribute 'covariance_type'
2025-01-21 23:29:25,736 - WARNING - GMM clustering failed with tied covariance: 'GMMCluster' object has no attribute 'covariance_type'
2025-01-21 23:29:25,739 - WARNING - GMM clustering failed with diag covariance: 'GMMCluster' object has no attribute 'covariance_type'
2025-01-21 23:29:25,810 - WARNING - GMM clustering failed with full covariance: 'GMMCluster' object has no attribute 'covariance_type'
2025-01-21 23:29:25,814 - WARNING - GMM clustering failed with tied covariance: 'GMMCluster' object has no attribute 'covariance_type'
2025-01-21 23:29:25,817 - WARNING - GMM clustering failed with diag covariance: 'GMMCluster' object has no attribute 'covariance_type'
2025-01-21 23:29:25,853 - WARNING - GMM clustering failed with full covariance: 'GMMCluster' object has no attribute 'covariance_type'
2025-01-21 23:29:25,856 - WARNING - GMM clustering failed with tied covariance: 'GMMCluster' object has no attribute 'covariance_type'
2025-01-21 23:29:25,859 - WARNING - GMM clustering failed with diag covariance: 'GMMCluster' object has no attribute 'covariance_type'
2025-01-21 23:29:25,878 - WARNING - GMM clustering failed with full covariance: 'GMMCluster' object has no attribute 'covariance_type'
2025-01-21 23:29:25,882 - WARNING - GMM clustering failed with tied covariance: 'GMMCluster' object has no attribute 'covariance_type'
2025-01-21 23:29:25,885 - WARNING - GMM clustering failed with diag covariance: 'GMMCluster' object has no attribute 'covariance_type'
2025-01-21 23:29:25,929 - WARNING - GMM clustering failed with full covariance: 'GMMCluster' object has no attribute 'covariance_type'
2025-01-21 23:29:25,932 - WARNING - GMM clustering failed with tied covariance: 'GMMCluster' object has no attribute 'covariance_type'
2025-01-21 23:29:25,935 - WARNING - GMM clustering failed with diag covariance: 'GMMCluster' object has no attribute 'covariance_type'
2025-01-21 23:29:26,023 - WARNING - GMM clustering failed with full covariance: 'GMMCluster' object has no attribute 'covariance_type'
2025-01-21 23:29:26,027 - WARNING - GMM clustering failed with tied covariance: 'GMMCluster' object has no attribute 'covariance_type'
2025-01-21 23:29:26,030 - WARNING - GMM clustering failed with diag covariance: 'GMMCluster' object has no attribute 'covariance_type'
2025-01-21 23:29:26,147 - WARNING - GMM clustering failed with full covariance: 'GMMCluster' object has no attribute 'covariance_type'
2025-01-21 23:29:26,151 - WARNING - GMM clustering failed with tied covariance: 'GMMCluster' object has no attribute 'covariance_type'
2025-01-21 23:29:26,154 - WARNING - GMM clustering failed with diag covariance: 'GMMCluster' object has no attribute 'covariance_type'
2025-01-21 23:29:26,194 - WARNING - GMM clustering failed with full covariance: 'GMMCluster' object has no attribute 'covariance_type'
2025-01-21 23:29:26,198 - WARNING - GMM clustering failed with tied covariance: 'GMMCluster' object has no attribute 'covariance_type'
2025-01-21 23:29:26,202 - WARNING - GMM clustering failed with diag covariance: 'GMMCluster' object has no attribute 'covariance_type'
2025-01-21 23:29:26,258 - WARNING - GMM clustering failed with full covariance: 'GMMCluster' object has no attribute 'covariance_type'
2025-01-21 23:29:26,263 - WARNING - GMM clustering failed with tied covariance: 'GMMCluster' object has no attribute 'covariance_type'
2025-01-21 23:29:26,266 - WARNING - GMM clustering failed with diag covariance: 'GMMCluster' object has no attribute 'covariance_type'
2025-01-21 23:29:26,284 - WARNING - GMM clustering failed with full covariance: 'GMMCluster' object has no attribute 'covariance_type'
2025-01-21 23:29:26,288 - WARNING - GMM clustering failed with tied covariance: 'GMMCluster' object has no attribute 'covariance_type'
2025-01-21 23:29:26,291 - WARNING - GMM clustering failed with diag covariance: 'GMMCluster' object has no attribute 'covariance_type'
2025-01-21 23:29:26,297 - INFO - Clustering completed with 2 clusters
2025-01-21 23:29:26,297 - INFO - Updated clustering: 2 clusters
2025-01-21 23:29:26,303 - INFO - Round 1 completed: Accuracy = 0.7475, Loss = 0.7728
2025-01-21 23:29:26,303 - INFO - Starting round 2
2025-01-21 23:29:43,508 - INFO - Round 2 completed: Accuracy = 0.9425, Loss = 0.1789
2025-01-21 23:29:43,508 - INFO - Starting round 3
2025-01-21 23:30:01,705 - INFO - Round 3 completed: Accuracy = 0.9692, Loss = 0.1000
2025-01-21 23:30:01,705 - INFO - Starting round 4
2025-01-21 23:30:17,247 - INFO - Round 4 completed: Accuracy = 0.9783, Loss = 0.0695
2025-01-21 23:30:17,247 - INFO - Starting round 5
2025-01-21 23:30:34,701 - INFO - Round 5 completed: Accuracy = 0.9828, Loss = 0.0591
2025-01-21 23:30:34,702 - INFO - Starting round 6
2025-01-21 23:30:51,436 - INFO - Round 6 completed: Accuracy = 0.9849, Loss = 0.0507
2025-01-21 23:30:51,436 - INFO - Starting round 7
2025-01-21 23:31:07,525 - INFO - Round 7 completed: Accuracy = 0.9829, Loss = 0.0579
2025-01-21 23:31:07,525 - INFO - Starting round 8
2025-01-21 23:31:22,354 - INFO - Round 8 completed: Accuracy = 0.9853, Loss = 0.0445
2025-01-21 23:31:22,354 - INFO - Starting round 9
2025-01-21 23:31:39,939 - INFO - Round 9 completed: Accuracy = 0.9871, Loss = 0.0412
2025-01-21 23:31:39,939 - INFO - Starting round 10
2025-01-21 23:31:59,772 - INFO - Round 10 completed: Accuracy = 0.9886, Loss = 0.0366
2025-01-21 23:31:59,781 - INFO - Results saved successfully in clustering_experiments\comparison_20250121_224535\results\gmm_15\gmm_15
2025-01-21 23:31:59,786 - INFO - Experiment completed successfully
2025-01-21 23:31:59,786 - INFO - Final Results - Accuracy: 0.9886
