2025-01-21 22:48:45,093 - INFO - Starting experiment in directory: clustering_experiments\comparison_20250121_224535\results\kmeans_2\kmeans_2
2025-01-21 22:48:45,093 - INFO - Configuration: {'checkpointing': {'dir': 'checkpoints', 'enabled': True, 'frequency': 5, 'keep_best': True, 'max_to_keep': 3}, 'clustering': {'algorithm': 'kmeans', 'cluster_candidates': [3, 4, 5], 'clustering_type': 'model_weights', 'drift_threshold': 0.3, 'min_cluster_size': 2, 'pca_components': 5, 'update_frequency': 5}, 'data': {'batch_size': 16, 'dataset_name': 'mnist', 'iid': False, 'num_clients': 50}, 'fed': {'client_sample_ratio': 0.2, 'local_epochs': 5, 'min_delta': 0.001, 'min_rounds_before_early_stopping': 5, 'num_rounds': 10, 'patience': 5}, 'logging': {'log_file': 'federated.log', 'log_interval': 10, 'save_dir': 'checkpoints', 'save_model': True}, 'model': {'input_channels': 1, 'learning_rate': 0.01, 'momentum': 0.9, 'name': 'cnn', 'num_classes': 10, 'weight_decay': 0.0001}}
2025-01-21 22:48:46,083 - WARNING - Selected k=10 has low stability
2025-01-21 22:48:46,099 - INFO - Clustering completed with 10 clusters
2025-01-21 22:48:46,099 - INFO - Updated clustering: 10 clusters
2025-01-21 22:48:46,099 - INFO - Starting round 1
2025-01-21 22:49:06,100 - WARNING - Selected k=9 has low stability
2025-01-21 22:49:06,116 - INFO - Clustering completed with 9 clusters
2025-01-21 22:49:06,116 - INFO - Updated clustering: 9 clusters
2025-01-21 22:49:06,121 - INFO - Round 1 completed: Accuracy = 0.6441, Loss = 1.0061
2025-01-21 22:49:06,121 - INFO - Starting round 2
2025-01-21 22:49:25,925 - INFO - Round 2 completed: Accuracy = 0.9576, Loss = 0.1340
2025-01-21 22:49:25,925 - INFO - Starting round 3
2025-01-21 22:49:46,599 - INFO - Round 3 completed: Accuracy = 0.9725, Loss = 0.0846
2025-01-21 22:49:46,599 - INFO - Starting round 4
2025-01-21 22:50:05,510 - INFO - Round 4 completed: Accuracy = 0.9789, Loss = 0.0664
2025-01-21 22:50:05,511 - INFO - Starting round 5
2025-01-21 22:50:20,828 - INFO - Round 5 completed: Accuracy = 0.9804, Loss = 0.0640
2025-01-21 22:50:20,828 - INFO - Starting round 6
2025-01-21 22:50:38,667 - INFO - Round 6 completed: Accuracy = 0.9847, Loss = 0.0454
2025-01-21 22:50:38,668 - INFO - Starting round 7
2025-01-21 22:50:56,709 - INFO - Round 7 completed: Accuracy = 0.9843, Loss = 0.0440
2025-01-21 22:50:56,709 - INFO - Starting round 8
2025-01-21 22:51:15,827 - INFO - Round 8 completed: Accuracy = 0.9859, Loss = 0.0404
2025-01-21 22:51:15,827 - INFO - Starting round 9
2025-01-21 22:51:32,182 - INFO - Round 9 completed: Accuracy = 0.9871, Loss = 0.0410
2025-01-21 22:51:32,182 - INFO - Starting round 10
2025-01-21 22:51:51,073 - INFO - Round 10 completed: Accuracy = 0.9889, Loss = 0.0349
2025-01-21 22:51:51,083 - INFO - Results saved successfully in clustering_experiments\comparison_20250121_224535\results\kmeans_2\kmeans_2
2025-01-21 22:51:51,088 - INFO - Experiment completed successfully
2025-01-21 22:51:51,088 - INFO - Final Results - Accuracy: 0.9889
