2025-01-21 23:32:03,204 - INFO - Starting experiment in directory: clustering_experiments\comparison_20250121_224535\results\gmm_16\gmm_16
2025-01-21 23:32:03,204 - INFO - Configuration: {'checkpointing': {'dir': 'checkpoints', 'enabled': True, 'frequency': 5, 'keep_best': True, 'max_to_keep': 3}, 'clustering': {'algorithm': 'gmm', 'cluster_candidates': [3, 4, 5], 'clustering_type': 'model_weights', 'drift_threshold': 0.3, 'min_cluster_size': 2, 'pca_components': 10, 'update_frequency': 5}, 'data': {'batch_size': 16, 'dataset_name': 'mnist', 'iid': False, 'num_clients': 50}, 'fed': {'client_sample_ratio': 0.2, 'local_epochs': 5, 'min_delta': 0.001, 'min_rounds_before_early_stopping': 5, 'num_rounds': 10, 'patience': 5}, 'logging': {'log_file': 'federated.log', 'log_interval': 10, 'save_dir': 'checkpoints', 'save_model': True}, 'model': {'input_channels': 1, 'learning_rate': 0.01, 'momentum': 0.9, 'name': 'cnn', 'num_classes': 10, 'weight_decay': 0.0001}}
2025-01-21 23:32:03,592 - WARNING - GMM clustering failed with full covariance: 'GMMCluster' object has no attribute 'covariance_type'
2025-01-21 23:32:03,595 - WARNING - GMM clustering failed with tied covariance: 'GMMCluster' object has no attribute 'covariance_type'
2025-01-21 23:32:03,598 - WARNING - GMM clustering failed with diag covariance: 'GMMCluster' object has no attribute 'covariance_type'
2025-01-21 23:32:03,602 - WARNING - GMM clustering failed with full covariance: 'GMMCluster' object has no attribute 'covariance_type'
2025-01-21 23:32:03,605 - WARNING - GMM clustering failed with tied covariance: 'GMMCluster' object has no attribute 'covariance_type'
2025-01-21 23:32:03,608 - WARNING - GMM clustering failed with diag covariance: 'GMMCluster' object has no attribute 'covariance_type'
2025-01-21 23:32:03,626 - WARNING - GMM clustering failed with full covariance: 'GMMCluster' object has no attribute 'covariance_type'
2025-01-21 23:32:03,629 - WARNING - GMM clustering failed with tied covariance: 'GMMCluster' object has no attribute 'covariance_type'
2025-01-21 23:32:03,632 - WARNING - GMM clustering failed with diag covariance: 'GMMCluster' object has no attribute 'covariance_type'
2025-01-21 23:32:03,635 - WARNING - GMM clustering failed with full covariance: 'GMMCluster' object has no attribute 'covariance_type'
2025-01-21 23:32:03,638 - WARNING - GMM clustering failed with tied covariance: 'GMMCluster' object has no attribute 'covariance_type'
2025-01-21 23:32:03,641 - WARNING - GMM clustering failed with diag covariance: 'GMMCluster' object has no attribute 'covariance_type'
2025-01-21 23:32:03,647 - WARNING - GMM clustering failed with full covariance: 'GMMCluster' object has no attribute 'covariance_type'
2025-01-21 23:32:03,684 - WARNING - GMM clustering failed with tied covariance: 'GMMCluster' object has no attribute 'covariance_type'
2025-01-21 23:32:03,687 - WARNING - GMM clustering failed with diag covariance: 'GMMCluster' object has no attribute 'covariance_type'
2025-01-21 23:32:03,690 - WARNING - GMM clustering failed with full covariance: 'GMMCluster' object has no attribute 'covariance_type'
2025-01-21 23:32:03,693 - WARNING - GMM clustering failed with tied covariance: 'GMMCluster' object has no attribute 'covariance_type'
2025-01-21 23:32:03,695 - WARNING - GMM clustering failed with diag covariance: 'GMMCluster' object has no attribute 'covariance_type'
2025-01-21 23:32:03,710 - WARNING - GMM clustering failed with full covariance: 'GMMCluster' object has no attribute 'covariance_type'
2025-01-21 23:32:03,712 - WARNING - GMM clustering failed with tied covariance: 'GMMCluster' object has no attribute 'covariance_type'
2025-01-21 23:32:03,715 - WARNING - GMM clustering failed with diag covariance: 'GMMCluster' object has no attribute 'covariance_type'
2025-01-21 23:32:03,734 - WARNING - GMM clustering failed with full covariance: 'GMMCluster' object has no attribute 'covariance_type'
2025-01-21 23:32:03,738 - WARNING - GMM clustering failed with tied covariance: 'GMMCluster' object has no attribute 'covariance_type'
2025-01-21 23:32:03,740 - WARNING - GMM clustering failed with diag covariance: 'GMMCluster' object has no attribute 'covariance_type'
2025-01-21 23:32:03,743 - WARNING - GMM clustering failed with full covariance: 'GMMCluster' object has no attribute 'covariance_type'
2025-01-21 23:32:03,746 - WARNING - GMM clustering failed with tied covariance: 'GMMCluster' object has no attribute 'covariance_type'
2025-01-21 23:32:03,749 - WARNING - GMM clustering failed with diag covariance: 'GMMCluster' object has no attribute 'covariance_type'
2025-01-21 23:32:03,801 - WARNING - GMM clustering failed with full covariance: 'GMMCluster' object has no attribute 'covariance_type'
2025-01-21 23:32:03,805 - WARNING - GMM clustering failed with tied covariance: 'GMMCluster' object has no attribute 'covariance_type'
2025-01-21 23:32:03,807 - WARNING - GMM clustering failed with diag covariance: 'GMMCluster' object has no attribute 'covariance_type'
2025-01-21 23:32:03,842 - WARNING - GMM clustering failed with full covariance: 'GMMCluster' object has no attribute 'covariance_type'
2025-01-21 23:32:03,845 - WARNING - GMM clustering failed with tied covariance: 'GMMCluster' object has no attribute 'covariance_type'
2025-01-21 23:32:03,848 - WARNING - GMM clustering failed with diag covariance: 'GMMCluster' object has no attribute 'covariance_type'
2025-01-21 23:32:03,888 - WARNING - GMM clustering failed with full covariance: 'GMMCluster' object has no attribute 'covariance_type'
2025-01-21 23:32:03,891 - WARNING - GMM clustering failed with tied covariance: 'GMMCluster' object has no attribute 'covariance_type'
2025-01-21 23:32:03,894 - WARNING - GMM clustering failed with diag covariance: 'GMMCluster' object has no attribute 'covariance_type'
2025-01-21 23:32:03,899 - WARNING - GMM clustering failed with full covariance: 'GMMCluster' object has no attribute 'covariance_type'
2025-01-21 23:32:03,903 - WARNING - GMM clustering failed with tied covariance: 'GMMCluster' object has no attribute 'covariance_type'
2025-01-21 23:32:03,905 - WARNING - GMM clustering failed with diag covariance: 'GMMCluster' object has no attribute 'covariance_type'
2025-01-21 23:32:03,909 - WARNING - GMM clustering failed with full covariance: 'GMMCluster' object has no attribute 'covariance_type'
2025-01-21 23:32:03,916 - WARNING - GMM clustering failed with tied covariance: 'GMMCluster' object has no attribute 'covariance_type'
2025-01-21 23:32:03,919 - WARNING - GMM clustering failed with diag covariance: 'GMMCluster' object has no attribute 'covariance_type'
2025-01-21 23:32:03,922 - WARNING - GMM clustering failed with full covariance: 'GMMCluster' object has no attribute 'covariance_type'
2025-01-21 23:32:03,925 - WARNING - GMM clustering failed with tied covariance: 'GMMCluster' object has no attribute 'covariance_type'
2025-01-21 23:32:03,928 - WARNING - GMM clustering failed with diag covariance: 'GMMCluster' object has no attribute 'covariance_type'
2025-01-21 23:32:03,932 - WARNING - GMM clustering failed with full covariance: 'GMMCluster' object has no attribute 'covariance_type'
2025-01-21 23:32:03,935 - WARNING - GMM clustering failed with tied covariance: 'GMMCluster' object has no attribute 'covariance_type'
2025-01-21 23:32:03,938 - WARNING - GMM clustering failed with diag covariance: 'GMMCluster' object has no attribute 'covariance_type'
2025-01-21 23:32:03,942 - WARNING - GMM clustering failed with full covariance: 'GMMCluster' object has no attribute 'covariance_type'
2025-01-21 23:32:03,945 - WARNING - GMM clustering failed with tied covariance: 'GMMCluster' object has no attribute 'covariance_type'
2025-01-21 23:32:03,948 - WARNING - GMM clustering failed with diag covariance: 'GMMCluster' object has no attribute 'covariance_type'
2025-01-21 23:32:04,004 - WARNING - GMM clustering failed with full covariance: 'GMMCluster' object has no attribute 'covariance_type'
2025-01-21 23:32:04,007 - WARNING - GMM clustering failed with tied covariance: 'GMMCluster' object has no attribute 'covariance_type'
2025-01-21 23:32:04,010 - WARNING - GMM clustering failed with diag covariance: 'GMMCluster' object has no attribute 'covariance_type'
2025-01-21 23:32:04,062 - WARNING - GMM clustering failed with full covariance: 'GMMCluster' object has no attribute 'covariance_type'
2025-01-21 23:32:04,066 - WARNING - GMM clustering failed with tied covariance: 'GMMCluster' object has no attribute 'covariance_type'
2025-01-21 23:32:04,069 - WARNING - GMM clustering failed with diag covariance: 'GMMCluster' object has no attribute 'covariance_type'
2025-01-21 23:32:04,119 - WARNING - GMM clustering failed with full covariance: 'GMMCluster' object has no attribute 'covariance_type'
2025-01-21 23:32:04,122 - WARNING - GMM clustering failed with tied covariance: 'GMMCluster' object has no attribute 'covariance_type'
2025-01-21 23:32:04,125 - WARNING - GMM clustering failed with diag covariance: 'GMMCluster' object has no attribute 'covariance_type'
2025-01-21 23:32:04,129 - WARNING - GMM clustering failed with full covariance: 'GMMCluster' object has no attribute 'covariance_type'
2025-01-21 23:32:04,133 - WARNING - GMM clustering failed with tied covariance: 'GMMCluster' object has no attribute 'covariance_type'
2025-01-21 23:32:04,136 - WARNING - GMM clustering failed with diag covariance: 'GMMCluster' object has no attribute 'covariance_type'
2025-01-21 23:32:04,183 - WARNING - GMM clustering failed with full covariance: 'GMMCluster' object has no attribute 'covariance_type'
2025-01-21 23:32:04,186 - WARNING - GMM clustering failed with tied covariance: 'GMMCluster' object has no attribute 'covariance_type'
2025-01-21 23:32:04,189 - WARNING - GMM clustering failed with diag covariance: 'GMMCluster' object has no attribute 'covariance_type'
2025-01-21 23:32:04,232 - WARNING - GMM clustering failed with full covariance: 'GMMCluster' object has no attribute 'covariance_type'
2025-01-21 23:32:04,236 - WARNING - GMM clustering failed with tied covariance: 'GMMCluster' object has no attribute 'covariance_type'
2025-01-21 23:32:04,239 - WARNING - GMM clustering failed with diag covariance: 'GMMCluster' object has no attribute 'covariance_type'
2025-01-21 23:32:04,244 - WARNING - GMM clustering failed with full covariance: 'GMMCluster' object has no attribute 'covariance_type'
2025-01-21 23:32:04,247 - WARNING - GMM clustering failed with tied covariance: 'GMMCluster' object has no attribute 'covariance_type'
2025-01-21 23:32:04,250 - WARNING - GMM clustering failed with diag covariance: 'GMMCluster' object has no attribute 'covariance_type'
2025-01-21 23:32:04,277 - WARNING - GMM clustering failed with full covariance: 'GMMCluster' object has no attribute 'covariance_type'
2025-01-21 23:32:04,280 - WARNING - GMM clustering failed with tied covariance: 'GMMCluster' object has no attribute 'covariance_type'
2025-01-21 23:32:04,283 - WARNING - GMM clustering failed with diag covariance: 'GMMCluster' object has no attribute 'covariance_type'
2025-01-21 23:32:04,390 - WARNING - GMM clustering failed with full covariance: 'GMMCluster' object has no attribute 'covariance_type'
2025-01-21 23:32:04,396 - WARNING - GMM clustering failed with tied covariance: 'GMMCluster' object has no attribute 'covariance_type'
2025-01-21 23:32:04,399 - WARNING - GMM clustering failed with diag covariance: 'GMMCluster' object has no attribute 'covariance_type'
2025-01-21 23:32:04,404 - WARNING - GMM clustering failed with full covariance: 'GMMCluster' object has no attribute 'covariance_type'
2025-01-21 23:32:04,408 - WARNING - GMM clustering failed with tied covariance: 'GMMCluster' object has no attribute 'covariance_type'
2025-01-21 23:32:04,411 - WARNING - GMM clustering failed with diag covariance: 'GMMCluster' object has no attribute 'covariance_type'
2025-01-21 23:32:04,415 - WARNING - GMM clustering failed with full covariance: 'GMMCluster' object has no attribute 'covariance_type'
2025-01-21 23:32:04,417 - WARNING - GMM clustering failed with tied covariance: 'GMMCluster' object has no attribute 'covariance_type'
2025-01-21 23:32:04,420 - WARNING - GMM clustering failed with diag covariance: 'GMMCluster' object has no attribute 'covariance_type'
2025-01-21 23:32:04,426 - INFO - Clustering completed with 2 clusters
2025-01-21 23:32:04,426 - INFO - Updated clustering: 2 clusters
2025-01-21 23:32:04,426 - INFO - Starting round 1
2025-01-21 23:32:22,185 - WARNING - GMM clustering failed with full covariance: 'GMMCluster' object has no attribute 'covariance_type'
2025-01-21 23:32:22,188 - WARNING - GMM clustering failed with tied covariance: 'GMMCluster' object has no attribute 'covariance_type'
2025-01-21 23:32:22,191 - WARNING - GMM clustering failed with diag covariance: 'GMMCluster' object has no attribute 'covariance_type'
2025-01-21 23:32:22,194 - WARNING - GMM clustering failed with full covariance: 'GMMCluster' object has no attribute 'covariance_type'
2025-01-21 23:32:22,197 - WARNING - GMM clustering failed with tied covariance: 'GMMCluster' object has no attribute 'covariance_type'
2025-01-21 23:32:22,200 - WARNING - GMM clustering failed with diag covariance: 'GMMCluster' object has no attribute 'covariance_type'
2025-01-21 23:32:22,207 - WARNING - GMM clustering failed with full covariance: 'GMMCluster' object has no attribute 'covariance_type'
2025-01-21 23:32:22,218 - WARNING - GMM clustering failed with tied covariance: 'GMMCluster' object has no attribute 'covariance_type'
2025-01-21 23:32:22,221 - WARNING - GMM clustering failed with diag covariance: 'GMMCluster' object has no attribute 'covariance_type'
2025-01-21 23:32:22,251 - WARNING - GMM clustering failed with full covariance: 'GMMCluster' object has no attribute 'covariance_type'
2025-01-21 23:32:22,254 - WARNING - GMM clustering failed with tied covariance: 'GMMCluster' object has no attribute 'covariance_type'
2025-01-21 23:32:22,257 - WARNING - GMM clustering failed with diag covariance: 'GMMCluster' object has no attribute 'covariance_type'
2025-01-21 23:32:22,261 - WARNING - GMM clustering failed with full covariance: 'GMMCluster' object has no attribute 'covariance_type'
2025-01-21 23:32:22,264 - WARNING - GMM clustering failed with tied covariance: 'GMMCluster' object has no attribute 'covariance_type'
2025-01-21 23:32:22,267 - WARNING - GMM clustering failed with diag covariance: 'GMMCluster' object has no attribute 'covariance_type'
2025-01-21 23:32:22,270 - WARNING - GMM clustering failed with full covariance: 'GMMCluster' object has no attribute 'covariance_type'
2025-01-21 23:32:22,273 - WARNING - GMM clustering failed with tied covariance: 'GMMCluster' object has no attribute 'covariance_type'
2025-01-21 23:32:22,276 - WARNING - GMM clustering failed with diag covariance: 'GMMCluster' object has no attribute 'covariance_type'
2025-01-21 23:32:22,280 - WARNING - GMM clustering failed with full covariance: 'GMMCluster' object has no attribute 'covariance_type'
2025-01-21 23:32:22,283 - WARNING - GMM clustering failed with tied covariance: 'GMMCluster' object has no attribute 'covariance_type'
2025-01-21 23:32:22,286 - WARNING - GMM clustering failed with diag covariance: 'GMMCluster' object has no attribute 'covariance_type'
2025-01-21 23:32:22,290 - WARNING - GMM clustering failed with full covariance: 'GMMCluster' object has no attribute 'covariance_type'
2025-01-21 23:32:22,294 - WARNING - GMM clustering failed with tied covariance: 'GMMCluster' object has no attribute 'covariance_type'
2025-01-21 23:32:22,296 - WARNING - GMM clustering failed with diag covariance: 'GMMCluster' object has no attribute 'covariance_type'
2025-01-21 23:32:22,300 - WARNING - GMM clustering failed with full covariance: 'GMMCluster' object has no attribute 'covariance_type'
2025-01-21 23:32:22,303 - WARNING - GMM clustering failed with tied covariance: 'GMMCluster' object has no attribute 'covariance_type'
2025-01-21 23:32:22,306 - WARNING - GMM clustering failed with diag covariance: 'GMMCluster' object has no attribute 'covariance_type'
2025-01-21 23:32:22,318 - WARNING - GMM clustering failed with full covariance: 'GMMCluster' object has no attribute 'covariance_type'
2025-01-21 23:32:22,324 - WARNING - GMM clustering failed with tied covariance: 'GMMCluster' object has no attribute 'covariance_type'
2025-01-21 23:32:22,327 - WARNING - GMM clustering failed with diag covariance: 'GMMCluster' object has no attribute 'covariance_type'
2025-01-21 23:32:22,374 - WARNING - GMM clustering failed with full covariance: 'GMMCluster' object has no attribute 'covariance_type'
2025-01-21 23:32:22,377 - WARNING - GMM clustering failed with tied covariance: 'GMMCluster' object has no attribute 'covariance_type'
2025-01-21 23:32:22,380 - WARNING - GMM clustering failed with diag covariance: 'GMMCluster' object has no attribute 'covariance_type'
2025-01-21 23:32:22,384 - WARNING - GMM clustering failed with full covariance: 'GMMCluster' object has no attribute 'covariance_type'
2025-01-21 23:32:22,387 - WARNING - GMM clustering failed with tied covariance: 'GMMCluster' object has no attribute 'covariance_type'
2025-01-21 23:32:22,389 - WARNING - GMM clustering failed with diag covariance: 'GMMCluster' object has no attribute 'covariance_type'
2025-01-21 23:32:22,462 - WARNING - GMM clustering failed with full covariance: 'GMMCluster' object has no attribute 'covariance_type'
2025-01-21 23:32:22,474 - WARNING - GMM clustering failed with tied covariance: 'GMMCluster' object has no attribute 'covariance_type'
2025-01-21 23:32:22,479 - WARNING - GMM clustering failed with diag covariance: 'GMMCluster' object has no attribute 'covariance_type'
2025-01-21 23:32:22,515 - WARNING - GMM clustering failed with full covariance: 'GMMCluster' object has no attribute 'covariance_type'
2025-01-21 23:32:22,518 - WARNING - GMM clustering failed with tied covariance: 'GMMCluster' object has no attribute 'covariance_type'
2025-01-21 23:32:22,521 - WARNING - GMM clustering failed with diag covariance: 'GMMCluster' object has no attribute 'covariance_type'
2025-01-21 23:32:22,607 - WARNING - GMM clustering failed with full covariance: 'GMMCluster' object has no attribute 'covariance_type'
2025-01-21 23:32:22,612 - WARNING - GMM clustering failed with tied covariance: 'GMMCluster' object has no attribute 'covariance_type'
2025-01-21 23:32:22,616 - WARNING - GMM clustering failed with diag covariance: 'GMMCluster' object has no attribute 'covariance_type'
2025-01-21 23:32:22,670 - WARNING - GMM clustering failed with full covariance: 'GMMCluster' object has no attribute 'covariance_type'
2025-01-21 23:32:22,675 - WARNING - GMM clustering failed with tied covariance: 'GMMCluster' object has no attribute 'covariance_type'
2025-01-21 23:32:22,678 - WARNING - GMM clustering failed with diag covariance: 'GMMCluster' object has no attribute 'covariance_type'
2025-01-21 23:32:22,728 - WARNING - GMM clustering failed with full covariance: 'GMMCluster' object has no attribute 'covariance_type'
2025-01-21 23:32:22,732 - WARNING - GMM clustering failed with tied covariance: 'GMMCluster' object has no attribute 'covariance_type'
2025-01-21 23:32:22,736 - WARNING - GMM clustering failed with diag covariance: 'GMMCluster' object has no attribute 'covariance_type'
2025-01-21 23:32:22,745 - WARNING - GMM clustering failed with full covariance: 'GMMCluster' object has no attribute 'covariance_type'
2025-01-21 23:32:22,748 - WARNING - GMM clustering failed with tied covariance: 'GMMCluster' object has no attribute 'covariance_type'
2025-01-21 23:32:22,752 - WARNING - GMM clustering failed with diag covariance: 'GMMCluster' object has no attribute 'covariance_type'
2025-01-21 23:32:22,775 - WARNING - GMM clustering failed with full covariance: 'GMMCluster' object has no attribute 'covariance_type'
2025-01-21 23:32:22,779 - WARNING - GMM clustering failed with tied covariance: 'GMMCluster' object has no attribute 'covariance_type'
2025-01-21 23:32:22,782 - WARNING - GMM clustering failed with diag covariance: 'GMMCluster' object has no attribute 'covariance_type'
2025-01-21 23:32:22,802 - WARNING - GMM clustering failed with full covariance: 'GMMCluster' object has no attribute 'covariance_type'
2025-01-21 23:32:22,805 - WARNING - GMM clustering failed with tied covariance: 'GMMCluster' object has no attribute 'covariance_type'
2025-01-21 23:32:22,808 - WARNING - GMM clustering failed with diag covariance: 'GMMCluster' object has no attribute 'covariance_type'
2025-01-21 23:32:22,855 - WARNING - GMM clustering failed with full covariance: 'GMMCluster' object has no attribute 'covariance_type'
2025-01-21 23:32:22,859 - WARNING - GMM clustering failed with tied covariance: 'GMMCluster' object has no attribute 'covariance_type'
2025-01-21 23:32:22,862 - WARNING - GMM clustering failed with diag covariance: 'GMMCluster' object has no attribute 'covariance_type'
2025-01-21 23:32:22,909 - WARNING - GMM clustering failed with full covariance: 'GMMCluster' object has no attribute 'covariance_type'
2025-01-21 23:32:22,912 - WARNING - GMM clustering failed with tied covariance: 'GMMCluster' object has no attribute 'covariance_type'
2025-01-21 23:32:22,915 - WARNING - GMM clustering failed with diag covariance: 'GMMCluster' object has no attribute 'covariance_type'
2025-01-21 23:32:22,918 - WARNING - GMM clustering failed with full covariance: 'GMMCluster' object has no attribute 'covariance_type'
2025-01-21 23:32:22,922 - WARNING - GMM clustering failed with tied covariance: 'GMMCluster' object has no attribute 'covariance_type'
2025-01-21 23:32:22,925 - WARNING - GMM clustering failed with diag covariance: 'GMMCluster' object has no attribute 'covariance_type'
2025-01-21 23:32:23,017 - WARNING - GMM clustering failed with full covariance: 'GMMCluster' object has no attribute 'covariance_type'
2025-01-21 23:32:23,020 - WARNING - GMM clustering failed with tied covariance: 'GMMCluster' object has no attribute 'covariance_type'
2025-01-21 23:32:23,024 - WARNING - GMM clustering failed with diag covariance: 'GMMCluster' object has no attribute 'covariance_type'
2025-01-21 23:32:23,119 - WARNING - GMM clustering failed with full covariance: 'GMMCluster' object has no attribute 'covariance_type'
2025-01-21 23:32:23,122 - WARNING - GMM clustering failed with tied covariance: 'GMMCluster' object has no attribute 'covariance_type'
2025-01-21 23:32:23,126 - WARNING - GMM clustering failed with diag covariance: 'GMMCluster' object has no attribute 'covariance_type'
2025-01-21 23:32:23,130 - WARNING - GMM clustering failed with full covariance: 'GMMCluster' object has no attribute 'covariance_type'
2025-01-21 23:32:23,134 - WARNING - GMM clustering failed with tied covariance: 'GMMCluster' object has no attribute 'covariance_type'
2025-01-21 23:32:23,137 - WARNING - GMM clustering failed with diag covariance: 'GMMCluster' object has no attribute 'covariance_type'
2025-01-21 23:32:23,141 - WARNING - GMM clustering failed with full covariance: 'GMMCluster' object has no attribute 'covariance_type'
2025-01-21 23:32:23,144 - WARNING - GMM clustering failed with tied covariance: 'GMMCluster' object has no attribute 'covariance_type'
2025-01-21 23:32:23,147 - WARNING - GMM clustering failed with diag covariance: 'GMMCluster' object has no attribute 'covariance_type'
2025-01-21 23:32:23,150 - WARNING - GMM clustering failed with full covariance: 'GMMCluster' object has no attribute 'covariance_type'
2025-01-21 23:32:23,152 - WARNING - GMM clustering failed with tied covariance: 'GMMCluster' object has no attribute 'covariance_type'
2025-01-21 23:32:23,155 - WARNING - GMM clustering failed with diag covariance: 'GMMCluster' object has no attribute 'covariance_type'
2025-01-21 23:32:23,161 - INFO - Clustering completed with 2 clusters
2025-01-21 23:32:23,161 - INFO - Updated clustering: 2 clusters
2025-01-21 23:32:23,166 - INFO - Round 1 completed: Accuracy = 0.4874, Loss = 1.5085
2025-01-21 23:32:23,166 - INFO - Starting round 2
2025-01-21 23:32:40,930 - INFO - Round 2 completed: Accuracy = 0.9410, Loss = 0.1702
2025-01-21 23:32:40,930 - INFO - Starting round 3
2025-01-21 23:32:58,145 - INFO - Round 3 completed: Accuracy = 0.9642, Loss = 0.1141
2025-01-21 23:32:58,145 - INFO - Starting round 4
2025-01-21 23:33:17,156 - INFO - Round 4 completed: Accuracy = 0.9788, Loss = 0.0667
2025-01-21 23:33:17,156 - INFO - Starting round 5
2025-01-21 23:33:35,055 - INFO - Round 5 completed: Accuracy = 0.9815, Loss = 0.0578
2025-01-21 23:33:35,056 - INFO - Starting round 6
2025-01-21 23:33:54,928 - INFO - Round 6 completed: Accuracy = 0.9837, Loss = 0.0475
2025-01-21 23:33:54,928 - INFO - Starting round 7
2025-01-21 23:34:10,775 - INFO - Round 7 completed: Accuracy = 0.9849, Loss = 0.0470
2025-01-21 23:34:10,775 - INFO - Starting round 8
2025-01-21 23:34:28,515 - INFO - Round 8 completed: Accuracy = 0.9864, Loss = 0.0446
2025-01-21 23:34:28,515 - INFO - Starting round 9
2025-01-21 23:34:46,947 - INFO - Round 9 completed: Accuracy = 0.9875, Loss = 0.0382
2025-01-21 23:34:46,948 - INFO - Starting round 10
2025-01-21 23:35:05,222 - INFO - Round 10 completed: Accuracy = 0.9875, Loss = 0.0402
2025-01-21 23:35:05,233 - INFO - Results saved successfully in clustering_experiments\comparison_20250121_224535\results\gmm_16\gmm_16
2025-01-21 23:35:05,237 - INFO - Experiment completed successfully
2025-01-21 23:35:05,237 - INFO - Final Results - Accuracy: 0.9875
